test_string-error-construct (__main__.RegressionBase) ... ok
test_string-error-construct-2 (__main__.RegressionBase) ... ok
test_string_append_1 (__main__.RegressionBase) ... ok
test_string_append_10_bug (__main__.RegressionBase) ... ok
test_string_append_11_bug (__main__.RegressionBase) ... ok
test_string_append_12_bug (__main__.RegressionBase) ... ok
test_string_append_13_bug (__main__.RegressionBase) ... ok
test_string_append_14_bug (__main__.RegressionBase) ... ok
test_string_append_2 (__main__.RegressionBase) ... ok
test_string_append_3 (__main__.RegressionBase) ... ok
test_string_append_4 (__main__.RegressionBase) ... ok
test_string_append_5 (__main__.RegressionBase) ... ok
test_string_append_6 (__main__.RegressionBase) ... ok
test_string_append_7 (__main__.RegressionBase) ... ok
test_string_append_8_bug (__main__.RegressionBase) ... ok
test_string_append_9_bug (__main__.RegressionBase) ... ok
test_string_append_final (__main__.RegressionBase) ... ok
test_string_append_final_bug (__main__.RegressionBase) ... ok
test_string_assign_1 (__main__.RegressionBase) ... ok
test_string_assign_10_bug (__main__.RegressionBase) ... ok
test_string_assign_11_bug (__main__.RegressionBase) ... ok
test_string_assign_12_bug (__main__.RegressionBase) ... ok
test_string_assign_2 (__main__.RegressionBase) ... ok
test_string_assign_3 (__main__.RegressionBase) ... ok
test_string_assign_4 (__main__.RegressionBase) ... ok
test_string_assign_5 (__main__.RegressionBase) ... ok
test_string_assign_6 (__main__.RegressionBase) ... ok
test_string_assign_7_bug (__main__.RegressionBase) ... ok
test_string_assign_8_bug (__main__.RegressionBase) ... ok
test_string_assign_9_bug (__main__.RegressionBase) ... ok
test_string_assign_final (__main__.RegressionBase) ... ok
test_string_assign_final_bug (__main__.RegressionBase) ... ok
test_string_at_1 (__main__.RegressionBase) ... ok
test_string_at_2 (__main__.RegressionBase) ... ok
test_string_at_3_bug (__main__.RegressionBase) ... ok
test_string_at_4_bug (__main__.RegressionBase) ... ok
test_string_at_5 (__main__.RegressionBase) ... ok
test_string_at_6_bug (__main__.RegressionBase) ... ok
test_string_capacity_1 (__main__.RegressionBase) ... ok
test_string_capacity_2 (__main__.RegressionBase) ... ok
test_string_capacity_3 (__main__.RegressionBase) ... ok
test_string_capacity_4_bug (__main__.RegressionBase) ... ok
test_string_capacity_5_bug (__main__.RegressionBase) ... ok
test_string_capacity_6_bug (__main__.RegressionBase) ... ok
test_string_compare_1 (__main__.RegressionBase) ... ok
test_string_compare_10_bug (__main__.RegressionBase) ... ok
test_string_compare_2 (__main__.RegressionBase) ... ok
test_string_compare_3 (__main__.RegressionBase) ... ok
test_string_compare_4 (__main__.RegressionBase) ... ok
test_string_compare_5_bug (__main__.RegressionBase) ... ok
test_string_compare_6_bug (__main__.RegressionBase) ... ok
test_string_compare_7_bug (__main__.RegressionBase) ... ok
test_string_compare_8_bug (__main__.RegressionBase) ... ok
test_string_compare_9 (__main__.RegressionBase) ... ok
test_string_constructor_1 (__main__.RegressionBase) ... ok
test_string_constructor_10 (__main__.RegressionBase) ... ok
test_string_constructor_2 (__main__.RegressionBase) ... ok
test_string_constructor_3 (__main__.RegressionBase) ... ok
test_string_constructor_4 (__main__.RegressionBase) ... ok
test_string_constructor_5 (__main__.RegressionBase) ... ok
test_string_constructor_6 (__main__.RegressionBase) ... ok
test_string_constructor_7 (__main__.RegressionBase) ... ok
test_string_constructor_8 (__main__.RegressionBase) ... ok
test_string_constructor_9 (__main__.RegressionBase) ... ok
test_string_copy_1 (__main__.RegressionBase) ... ok
test_string_copy_2_bug (__main__.RegressionBase) ... ok
test_string_data_1 (__main__.RegressionBase) ... ok
test_string_data_2 (__main__.RegressionBase) ... ok
test_string_data_3_bug (__main__.RegressionBase) ... ok
test_string_data_4_bug (__main__.RegressionBase) ... ok
test_string_empty_1 (__main__.RegressionBase) ... ok
test_string_empty_2 (__main__.RegressionBase) ... ok
test_string_empty_3_bug (__main__.RegressionBase) ... ok
test_string_empty_4_bug (__main__.RegressionBase) ... ok
test_string_erase_1 (__main__.RegressionBase) ... ok
test_string_erase_2 (__main__.RegressionBase) ... ok
test_string_erase_3_bug (__main__.RegressionBase) ... ok
test_string_erase_4_bug (__main__.RegressionBase) ... ok
test_string_erase_final (__main__.RegressionBase) ... ok
test_string_erase_final_bug (__main__.RegressionBase) ... ok
test_string_find_1 (__main__.RegressionBase) ... ok
test_string_find_2 (__main__.RegressionBase) ... ok
test_string_find_3 (__main__.RegressionBase) ... ok
test_string_find_4_bug (__main__.RegressionBase) ... ok
test_string_find_5_bug (__main__.RegressionBase) ... ok
test_string_find_6_bug (__main__.RegressionBase) ... ok
test_string_find_final (__main__.RegressionBase) ... ok
test_string_find_final_bug (__main__.RegressionBase) ... ok
test_string_find_first_not_of_1 (__main__.RegressionBase) ... ok
test_string_find_first_not_of_2_bug (__main__.RegressionBase) ... ok
test_string_find_first_of_1 (__main__.RegressionBase) ... ok
test_string_find_first_of_2_bug (__main__.RegressionBase) ... ok
test_string_find_last_of_1 (__main__.RegressionBase) ... ok
test_string_find_last_of_2_bug (__main__.RegressionBase) ... ok
test_string_insert_1 (__main__.RegressionBase) ... ok
test_string_insert_10_bug (__main__.RegressionBase) ... ok
test_string_insert_11_bug (__main__.RegressionBase) ... ok
test_string_insert_12_bug (__main__.RegressionBase) ... ok
test_string_insert_13_bug (__main__.RegressionBase) ... ok
test_string_insert_14_bug (__main__.RegressionBase) ... ok
test_string_insert_2 (__main__.RegressionBase) ... ok
test_string_insert_3 (__main__.RegressionBase) ... ok
test_string_insert_4 (__main__.RegressionBase) ... ok
test_string_insert_5 (__main__.RegressionBase) ... ok
test_string_insert_6 (__main__.RegressionBase) ... ok
test_string_insert_7 (__main__.RegressionBase) ... ok
test_string_insert_8_bug (__main__.RegressionBase) ... ok
test_string_insert_9_bug (__main__.RegressionBase) ... ok
test_string_insert_final (__main__.RegressionBase) ... ok
test_string_insert_final_bug (__main__.RegressionBase) ... ok
test_string_length_1 (__main__.RegressionBase) ... ok
test_string_length_2 (__main__.RegressionBase) ... ok
test_string_length_3 (__main__.RegressionBase) ... ok
test_string_length_4_bug (__main__.RegressionBase) ... ok
test_string_length_5_bug (__main__.RegressionBase) ... ok
test_string_length_6_bug (__main__.RegressionBase) ... ok
test_string_operator_assign_1 (__main__.RegressionBase) ... ok
test_string_operator_assign_2 (__main__.RegressionBase) ... ok
test_string_operator_assign_3 (__main__.RegressionBase) ... ok
test_string_operator_assign_4_bug (__main__.RegressionBase) ... ok
test_string_operator_assign_5_bug (__main__.RegressionBase) ... ok
test_string_operator_assign_6_bug (__main__.RegressionBase) ... ok
test_string_operator_assign_7 (__main__.RegressionBase) ... ok
test_string_operator_assign_8_bug (__main__.RegressionBase) ... ok
test_string_operator_brackets_1 (__main__.RegressionBase) ... ok
test_string_operator_brackets_2 (__main__.RegressionBase) ... ok
test_string_operator_brackets_3_bug (__main__.RegressionBase) ... ok
test_string_operator_brackets_4_bug (__main__.RegressionBase) ... ok
test_string_operator_brackets_5 (__main__.RegressionBase) ... ok
test_string_operator_brackets_6_bug (__main__.RegressionBase) ... ok
test_string_operator_brackets_7_bug (__main__.RegressionBase) ... ok
test_string_operator_eq_1 (__main__.RegressionBase) ... ok
test_string_operator_eq_2 (__main__.RegressionBase) ... ok
test_string_operator_eq_3 (__main__.RegressionBase) ... ok
test_string_operator_eq_4_bug (__main__.RegressionBase) ... ok
test_string_operator_eq_5_bug (__main__.RegressionBase) ... ok
test_string_operator_eq_6_bug (__main__.RegressionBase) ... ok
test_string_operator_eq_7 (__main__.RegressionBase) ... ok
test_string_operator_eq_8_bug (__main__.RegressionBase) ... ok
test_string_operator_greater_1 (__main__.RegressionBase) ... ok
test_string_operator_greater_2 (__main__.RegressionBase) ... ok
test_string_operator_greater_3 (__main__.RegressionBase) ... ok
test_string_operator_greater_4_bug (__main__.RegressionBase) ... ok
test_string_operator_greater_5_bug (__main__.RegressionBase) ... ok
test_string_operator_greater_6_bug (__main__.RegressionBase) ... ok
test_string_operator_greater_7 (__main__.RegressionBase) ... ok
test_string_operator_greater_8_bug (__main__.RegressionBase) ... ok
test_string_operator_greater_eq_1 (__main__.RegressionBase) ... ok
test_string_operator_greater_eq_2 (__main__.RegressionBase) ... ok
test_string_operator_greater_eq_3 (__main__.RegressionBase) ... ok
test_string_operator_greater_eq_4_bug (__main__.RegressionBase) ... ok
test_string_operator_greater_eq_5_bug (__main__.RegressionBase) ... ok
test_string_operator_greater_eq_6_bug (__main__.RegressionBase) ... ok
test_string_operator_greater_eq_7 (__main__.RegressionBase) ... ok
test_string_operator_greater_eq_8_bug (__main__.RegressionBase) ... ok
test_string_operator_less_1 (__main__.RegressionBase) ... ok
test_string_operator_less_2 (__main__.RegressionBase) ... ok
test_string_operator_less_3 (__main__.RegressionBase) ... ok
test_string_operator_less_4_bug (__main__.RegressionBase) ... ok
test_string_operator_less_5_bug (__main__.RegressionBase) ... ok
test_string_operator_less_6_bug (__main__.RegressionBase) ... ok
test_string_operator_less_7 (__main__.RegressionBase) ... ok
test_string_operator_less_8_bug (__main__.RegressionBase) ... ok
test_string_operator_less_eq_1 (__main__.RegressionBase) ... ok
test_string_operator_less_eq_2 (__main__.RegressionBase) ... ok
test_string_operator_less_eq_3 (__main__.RegressionBase) ... ok
test_string_operator_less_eq_4_bug (__main__.RegressionBase) ... ok
test_string_operator_less_eq_5_bug (__main__.RegressionBase) ... ok
test_string_operator_less_eq_6_bug (__main__.RegressionBase) ... ok
test_string_operator_less_eq_7 (__main__.RegressionBase) ... ok
test_string_operator_less_eq_8_bug (__main__.RegressionBase) ... ok
test_string_operator_neq_1 (__main__.RegressionBase) ... ok
test_string_operator_neq_2 (__main__.RegressionBase) ... ok
test_string_operator_neq_3 (__main__.RegressionBase) ... ok
test_string_operator_neq_4_bug (__main__.RegressionBase) ... ok
test_string_operator_neq_5_bug (__main__.RegressionBase) ... ok
test_string_operator_neq_6_bug (__main__.RegressionBase) ... ok
test_string_operator_neq_7 (__main__.RegressionBase) ... ok
test_string_operator_neq_8_bug (__main__.RegressionBase) ... ok
test_string_operator_plus_1 (__main__.RegressionBase) ... ok
test_string_operator_plus_2 (__main__.RegressionBase) ... ok
test_string_operator_plus_3 (__main__.RegressionBase) ... ok
test_string_operator_plus_4_bug (__main__.RegressionBase) ... ok
test_string_operator_plus_5_bug (__main__.RegressionBase) ... ok
test_string_operator_plus_6_bug (__main__.RegressionBase) ... ok
test_string_operator_plus_7 (__main__.RegressionBase) ... ok
test_string_operator_plus_8_bug (__main__.RegressionBase) ... ok
test_string_operator_plus_eq_1 (__main__.RegressionBase) ... ok
test_string_operator_plus_eq_2 (__main__.RegressionBase) ... ok
test_string_operator_plus_eq_3 (__main__.RegressionBase) ... ok
test_string_operator_plus_eq_4_bug (__main__.RegressionBase) ... ok
test_string_operator_plus_eq_5_bug (__main__.RegressionBase) ... ok
test_string_operator_plus_eq_6_bug (__main__.RegressionBase) ... ok
test_string_operator_plus_eq_7 (__main__.RegressionBase) ... ok
test_string_operator_plus_eq_8_bug (__main__.RegressionBase) ... ok
test_string_replace_1 (__main__.RegressionBase) ... ok
test_string_replace_10 (__main__.RegressionBase) ... ok
test_string_replace_11_bug (__main__.RegressionBase) ... ok
test_string_replace_12_bug (__main__.RegressionBase) ... ok
test_string_replace_13_bug (__main__.RegressionBase) ... ok
test_string_replace_14_bug (__main__.RegressionBase) ... ok
test_string_replace_15_bug (__main__.RegressionBase) ... ok
test_string_replace_16_bug (__main__.RegressionBase) ... ok
test_string_replace_17_bug (__main__.RegressionBase) ... ok
test_string_replace_18_bug (__main__.RegressionBase) ... ok
test_string_replace_19_bug (__main__.RegressionBase) ... ok
test_string_replace_2 (__main__.RegressionBase) ... ok
test_string_replace_20_bug (__main__.RegressionBase) ... ok
test_string_replace_3 (__main__.RegressionBase) ... ok
test_string_replace_4 (__main__.RegressionBase) ... ok
test_string_replace_5 (__main__.RegressionBase) ... ok
test_string_replace_6 (__main__.RegressionBase) ... ok
test_string_replace_7 (__main__.RegressionBase) ... ok
test_string_replace_8 (__main__.RegressionBase) ... ok
test_string_replace_9 (__main__.RegressionBase) ... ok
test_string_replace_final (__main__.RegressionBase) ... ok
test_string_replace_final_bug (__main__.RegressionBase) ... ok
test_string_resize_1 (__main__.RegressionBase) ... ok
test_string_resize_2 (__main__.RegressionBase) ... ok
test_string_resize_3_bug (__main__.RegressionBase) ... ok
test_string_resize_4_bug (__main__.RegressionBase) ... ok
test_string_resize_final (__main__.RegressionBase) ... ok
test_string_resize_final_bug (__main__.RegressionBase) ... ok
test_string_rfind_1 (__main__.RegressionBase) ... ok
test_string_rfind_2_bug (__main__.RegressionBase) ... FAIL
test_string_size_1 (__main__.RegressionBase) ... ok
test_string_size_2_bug (__main__.RegressionBase) ... ok
test_string_substr_1 (__main__.RegressionBase) ... ok
test_string_substr_2 (__main__.RegressionBase) ... ok
test_string_substr_3_bug (__main__.RegressionBase) ... ok
test_string_substr_4_bug (__main__.RegressionBase) ... ok
test_string_swap_1 (__main__.RegressionBase) ... ok
test_string_swap_2_bug (__main__.RegressionBase) ... ok

======================================================================
FAIL: test_string_rfind_2_bug (__main__.RegressionBase)
----------------------------------------------------------------------
Traceback (most recent call last):
  File "testing_tool_old.py", line 344, in test
    self.fail(error_message_prefix + error_message)
AssertionError: 
TEST: esbmc-cpp/string/string_rfind_2_bug
EXPECTED TO FIND: ['^VERIFICATION FAILED$']

PROGRAM OUTPUT
ESBMC version 2.1.0 64-bit x86_64 linux
file esbmc-cpp/string/string_rfind_2_bug/main.cpp: Parsing
Converting
Type-checking esbmc-cpp/string/string_rfind_2_bug/main.cpp
Generating GOTO Program
GOTO program creation time: 11.419s
GOTO program processing time: 0.156s
Starting Bounded Model Checking
Unwinding loop 12 iteration 1 file /home/kunjian/library/cstring line 141
Unwinding loop 12 iteration 2 file /home/kunjian/library/cstring line 141
Unwinding loop 12 iteration 3 file /home/kunjian/library/cstring line 141
Unwinding loop 12 iteration 4 file /home/kunjian/library/cstring line 141
Unwinding loop 12 iteration 5 file /home/kunjian/library/cstring line 141
Unwinding loop 12 iteration 6 file /home/kunjian/library/cstring line 141
Unwinding loop 12 iteration 7 file /home/kunjian/library/cstring line 141
Unwinding loop 12 iteration 8 file /home/kunjian/library/cstring line 141
Unwinding loop 12 iteration 9 file /home/kunjian/library/cstring line 141
Unwinding loop 12 iteration 10 file /home/kunjian/library/cstring line 141
Unwinding loop 12 iteration 11 file /home/kunjian/library/cstring line 141
Unwinding loop 12 iteration 12 file /home/kunjian/library/cstring line 141
Unwinding loop 12 iteration 13 file /home/kunjian/library/cstring line 141
Unwinding loop 12 iteration 14 file /home/kunjian/library/cstring line 141
Unwinding loop 12 iteration 15 file /home/kunjian/library/cstring line 141
Unwinding loop 12 iteration 16 file /home/kunjian/library/cstring line 141
Unwinding loop 12 iteration 17 file /home/kunjian/library/cstring line 141
Unwinding loop 1 iteration 1 file /home/kunjian/library/cstring line 18
Unwinding loop 1 iteration 2 file /home/kunjian/library/cstring line 18
Unwinding loop 1 iteration 3 file /home/kunjian/library/cstring line 18
Unwinding loop 1 iteration 4 file /home/kunjian/library/cstring line 18
Unwinding loop 1 iteration 5 file /home/kunjian/library/cstring line 18
Unwinding loop 1 iteration 6 file /home/kunjian/library/cstring line 18
Unwinding loop 1 iteration 7 file /home/kunjian/library/cstring line 18
Unwinding loop 1 iteration 8 file /home/kunjian/library/cstring line 18
Unwinding loop 1 iteration 9 file /home/kunjian/library/cstring line 18
Unwinding loop 1 iteration 10 file /home/kunjian/library/cstring line 18
Unwinding loop 1 iteration 11 file /home/kunjian/library/cstring line 18
Unwinding loop 1 iteration 12 file /home/kunjian/library/cstring line 18
Unwinding loop 1 iteration 13 file /home/kunjian/library/cstring line 18
Unwinding loop 1 iteration 14 file /home/kunjian/library/cstring line 18
Unwinding loop 1 iteration 15 file /home/kunjian/library/cstring line 18
Unwinding loop 1 iteration 16 file /home/kunjian/library/cstring line 18
Unwinding loop 1 iteration 17 file /home/kunjian/library/cstring line 18
Unwinding loop 1 iteration 18 file /home/kunjian/library/cstring line 18
Unwinding loop 1 iteration 19 file /home/kunjian/library/cstring line 18
Unwinding loop 1 iteration 20 file /home/kunjian/library/cstring line 18
Unwinding loop 12 iteration 1 file /home/kunjian/library/cstring line 141
Unwinding loop 12 iteration 2 file /home/kunjian/library/cstring line 141
Unwinding loop 12 iteration 3 file /home/kunjian/library/cstring line 141
Unwinding loop 1 iteration 1 file /home/kunjian/library/cstring line 18
Unwinding loop 1 iteration 2 file /home/kunjian/library/cstring line 18
Unwinding loop 1 iteration 3 file /home/kunjian/library/cstring line 18
Unwinding loop 1 iteration 4 file /home/kunjian/library/cstring line 18
Unwinding loop 1 iteration 5 file /home/kunjian/library/cstring line 18
Unwinding loop 1 iteration 6 file /home/kunjian/library/cstring line 18
Unwinding loop 1 iteration 7 file /home/kunjian/library/cstring line 18
Unwinding loop 1 iteration 8 file /home/kunjian/library/cstring line 18
Unwinding loop 1 iteration 9 file /home/kunjian/library/cstring line 18
Unwinding loop 1 iteration 10 file /home/kunjian/library/cstring line 18
Unwinding loop 1 iteration 11 file /home/kunjian/library/cstring line 18
Unwinding loop 1 iteration 12 file /home/kunjian/library/cstring line 18
Unwinding loop 1 iteration 13 file /home/kunjian/library/cstring line 18
Unwinding loop 1 iteration 14 file /home/kunjian/library/cstring line 18
Unwinding loop 1 iteration 15 file /home/kunjian/library/cstring line 18
Unwinding loop 1 iteration 16 file /home/kunjian/library/cstring line 18
Unwinding loop 1 iteration 17 file /home/kunjian/library/cstring line 18
Unwinding loop 1 iteration 18 file /home/kunjian/library/cstring line 18
Unwinding loop 1 iteration 19 file /home/kunjian/library/cstring line 18
Unwinding loop 1 iteration 20 file /home/kunjian/library/cstring line 18
Unwinding loop 1 iteration 1 file /home/kunjian/library/cstring line 18
Unwinding loop 1 iteration 2 file /home/kunjian/library/cstring line 18
Unwinding loop 1 iteration 3 file /home/kunjian/library/cstring line 18
Unwinding loop 1 iteration 4 file /home/kunjian/library/cstring line 18
Unwinding loop 1 iteration 5 file /home/kunjian/library/cstring line 18
Unwinding loop 1 iteration 6 file /home/kunjian/library/cstring line 18
Unwinding loop 1 iteration 7 file /home/kunjian/library/cstring line 18
Unwinding loop 1 iteration 8 file /home/kunjian/library/cstring line 18
Unwinding loop 1 iteration 9 file /home/kunjian/library/cstring line 18
Unwinding loop 1 iteration 10 file /home/kunjian/library/cstring line 18
Unwinding loop 1 iteration 11 file /home/kunjian/library/cstring line 18
Unwinding loop 1 iteration 12 file /home/kunjian/library/cstring line 18
Unwinding loop 1 iteration 13 file /home/kunjian/library/cstring line 18
Unwinding loop 1 iteration 14 file /home/kunjian/library/cstring line 18
Unwinding loop 1 iteration 15 file /home/kunjian/library/cstring line 18
Unwinding loop 1 iteration 16 file /home/kunjian/library/cstring line 18
Unwinding loop 1 iteration 17 file /home/kunjian/library/cstring line 18
Unwinding loop 1 iteration 18 file /home/kunjian/library/cstring line 18
Unwinding loop 1 iteration 19 file /home/kunjian/library/cstring line 18
Unwinding loop 1 iteration 20 file /home/kunjian/library/cstring line 18
Unwinding loop 1 iteration 1 file /home/kunjian/library/cstring line 18
Unwinding loop 1 iteration 2 file /home/kunjian/library/cstring line 18
Unwinding loop 1 iteration 3 file /home/kunjian/library/cstring line 18
Unwinding loop 1 iteration 4 file /home/kunjian/library/cstring line 18
Unwinding loop 1 iteration 5 file /home/kunjian/library/cstring line 18
Unwinding loop 1 iteration 6 file /home/kunjian/library/cstring line 18
Unwinding loop 1 iteration 7 file /home/kunjian/library/cstring line 18
Unwinding loop 1 iteration 8 file /home/kunjian/library/cstring line 18
Unwinding loop 1 iteration 9 file /home/kunjian/library/cstring line 18
Unwinding loop 1 iteration 10 file /home/kunjian/library/cstring line 18
Unwinding loop 1 iteration 11 file /home/kunjian/library/cstring line 18
Unwinding loop 1 iteration 12 file /home/kunjian/library/cstring line 18
Unwinding loop 1 iteration 13 file /home/kunjian/library/cstring line 18
Unwinding loop 1 iteration 14 file /home/kunjian/library/cstring line 18
Unwinding loop 1 iteration 15 file /home/kunjian/library/cstring line 18
Unwinding loop 1 iteration 16 file /home/kunjian/library/cstring line 18
Unwinding loop 1 iteration 17 file /home/kunjian/library/cstring line 18
Unwinding loop 1 iteration 18 file /home/kunjian/library/cstring line 18
Unwinding loop 1 iteration 19 file /home/kunjian/library/cstring line 18
Unwinding loop 1 iteration 20 file /home/kunjian/library/cstring line 18
Unwinding loop 84 iteration 1 file /home/kunjian/library/string line 2383
Unwinding loop 84 iteration 2 file /home/kunjian/library/string line 2383
Unwinding loop 84 iteration 3 file /home/kunjian/library/string line 2383
Unwinding loop 84 iteration 4 file /home/kunjian/library/string line 2383
Unwinding loop 84 iteration 5 file /home/kunjian/library/string line 2383
Unwinding loop 84 iteration 6 file /home/kunjian/library/string line 2383
Unwinding loop 84 iteration 7 file /home/kunjian/library/string line 2383
Unwinding loop 84 iteration 8 file /home/kunjian/library/string line 2383
Unwinding loop 84 iteration 9 file /home/kunjian/library/string line 2383
Unwinding loop 84 iteration 10 file /home/kunjian/library/string line 2383
Unwinding loop 84 iteration 11 file /home/kunjian/library/string line 2383
Unwinding loop 84 iteration 12 file /home/kunjian/library/string line 2383
Unwinding loop 84 iteration 13 file /home/kunjian/library/string line 2383
Unwinding loop 84 iteration 14 file /home/kunjian/library/string line 2383
Unwinding loop 84 iteration 15 file /home/kunjian/library/string line 2383
Unwinding loop 84 iteration 16 file /home/kunjian/library/string line 2383
Unwinding loop 84 iteration 17 file /home/kunjian/library/string line 2383
Unwinding loop 84 iteration 18 file /home/kunjian/library/string line 2383
Unwinding loop 84 iteration 19 file /home/kunjian/library/string line 2383
Unwinding loop 84 iteration 20 file /home/kunjian/library/string line 2383
Unwinding loop 85 iteration 1 file /home/kunjian/library/string line 2382
Unwinding loop 84 iteration 1 file /home/kunjian/library/string line 2383
Unwinding loop 84 iteration 2 file /home/kunjian/library/string line 2383
Unwinding loop 84 iteration 3 file /home/kunjian/library/string line 2383
Unwinding loop 84 iteration 4 file /home/kunjian/library/string line 2383
Unwinding loop 84 iteration 5 file /home/kunjian/library/string line 2383
Unwinding loop 84 iteration 6 file /home/kunjian/library/string line 2383
Unwinding loop 84 iteration 7 file /home/kunjian/library/string line 2383
Unwinding loop 84 iteration 8 file /home/kunjian/library/string line 2383
Unwinding loop 84 iteration 9 file /home/kunjian/library/string line 2383
Unwinding loop 84 iteration 10 file /home/kunjian/library/string line 2383
Unwinding loop 84 iteration 11 file /home/kunjian/library/string line 2383
Unwinding loop 84 iteration 12 file /home/kunjian/library/string line 2383
Unwinding loop 84 iteration 13 file /home/kunjian/library/string line 2383
Unwinding loop 84 iteration 14 file /home/kunjian/library/string line 2383
Unwinding loop 84 iteration 15 file /home/kunjian/library/string line 2383
Unwinding loop 84 iteration 16 file /home/kunjian/library/string line 2383
Unwinding loop 84 iteration 17 file /home/kunjian/library/string line 2383
Unwinding loop 84 iteration 18 file /home/kunjian/library/string line 2383
Unwinding loop 84 iteration 19 file /home/kunjian/library/string line 2383
Unwinding loop 84 iteration 20 file /home/kunjian/library/string line 2383
Unwinding loop 85 iteration 2 file /home/kunjian/library/string line 2382
Unwinding loop 84 iteration 1 file /home/kunjian/library/string line 2383
Unwinding loop 84 iteration 2 file /home/kunjian/library/string line 2383
Unwinding loop 84 iteration 3 file /home/kunjian/library/string line 2383
Unwinding loop 84 iteration 4 file /home/kunjian/library/string line 2383
Unwinding loop 84 iteration 5 file /home/kunjian/library/string line 2383
Unwinding loop 84 iteration 6 file /home/kunjian/library/string line 2383
Unwinding loop 84 iteration 7 file /home/kunjian/library/string line 2383
Unwinding loop 84 iteration 8 file /home/kunjian/library/string line 2383
Unwinding loop 84 iteration 9 file /home/kunjian/library/string line 2383
Unwinding loop 84 iteration 10 file /home/kunjian/library/string line 2383
Unwinding loop 84 iteration 11 file /home/kunjian/library/string line 2383
Unwinding loop 84 iteration 12 file /home/kunjian/library/string line 2383
Unwinding loop 84 iteration 13 file /home/kunjian/library/string line 2383
Unwinding loop 84 iteration 14 file /home/kunjian/library/string line 2383
Unwinding loop 84 iteration 15 file /home/kunjian/library/string line 2383
Unwinding loop 84 iteration 16 file /home/kunjian/library/string line 2383
Unwinding loop 84 iteration 17 file /home/kunjian/library/string line 2383
Unwinding loop 84 iteration 18 file /home/kunjian/library/string line 2383
Unwinding loop 84 iteration 19 file /home/kunjian/library/string line 2383
Unwinding loop 84 iteration 20 file /home/kunjian/library/string line 2383
Unwinding loop 85 iteration 3 file /home/kunjian/library/string line 2382
Unwinding loop 84 iteration 1 file /home/kunjian/library/string line 2383
Unwinding loop 84 iteration 2 file /home/kunjian/library/string line 2383
Unwinding loop 84 iteration 3 file /home/kunjian/library/string line 2383
Unwinding loop 84 iteration 4 file /home/kunjian/library/string line 2383
Unwinding loop 84 iteration 5 file /home/kunjian/library/string line 2383
Unwinding loop 84 iteration 6 file /home/kunjian/library/string line 2383
Unwinding loop 84 iteration 7 file /home/kunjian/library/string line 2383
Unwinding loop 84 iteration 8 file /home/kunjian/library/string line 2383
Unwinding loop 84 iteration 9 file /home/kunjian/library/string line 2383
Unwinding loop 84 iteration 10 file /home/kunjian/library/string line 2383
Unwinding loop 84 iteration 11 file /home/kunjian/library/string line 2383
Unwinding loop 84 iteration 12 file /home/kunjian/library/string line 2383
Unwinding loop 84 iteration 13 file /home/kunjian/library/string line 2383
Unwinding loop 84 iteration 14 file /home/kunjian/library/string line 2383
Unwinding loop 84 iteration 15 file /home/kunjian/library/string line 2383
Unwinding loop 84 iteration 16 file /home/kunjian/library/string line 2383
Unwinding loop 84 iteration 17 file /home/kunjian/library/string line 2383
Unwinding loop 84 iteration 18 file /home/kunjian/library/string line 2383
Unwinding loop 84 iteration 19 file /home/kunjian/library/string line 2383
Unwinding loop 84 iteration 20 file /home/kunjian/library/string line 2383
Unwinding loop 85 iteration 4 file /home/kunjian/library/string line 2382
Unwinding loop 84 iteration 1 file /home/kunjian/library/string line 2383
Unwinding loop 84 iteration 2 file /home/kunjian/library/string line 2383
Unwinding loop 84 iteration 3 file /home/kunjian/library/string line 2383
Unwinding loop 84 iteration 4 file /home/kunjian/library/string line 2383
Unwinding loop 84 iteration 5 file /home/kunjian/library/string line 2383
Unwinding loop 84 iteration 6 file /home/kunjian/library/string line 2383
Unwinding loop 84 iteration 7 file /home/kunjian/library/string line 2383
Unwinding loop 84 iteration 8 file /home/kunjian/library/string line 2383
Unwinding loop 84 iteration 9 file /home/kunjian/library/string line 2383
Unwinding loop 84 iteration 10 file /home/kunjian/library/string line 2383
Unwinding loop 84 iteration 11 file /home/kunjian/library/string line 2383
Unwinding loop 84 iteration 12 file /home/kunjian/library/string line 2383
Unwinding loop 84 iteration 13 file /home/kunjian/library/string line 2383
Unwinding loop 84 iteration 14 file /home/kunjian/library/string line 2383
Unwinding loop 84 iteration 15 file /home/kunjian/library/string line 2383
Unwinding loop 84 iteration 16 file /home/kunjian/library/string line 2383
Unwinding loop 84 iteration 17 file /home/kunjian/library/string line 2383
Unwinding loop 84 iteration 18 file /home/kunjian/library/string line 2383
Unwinding loop 84 iteration 19 file /home/kunjian/library/string line 2383
Unwinding loop 84 iteration 20 file /home/kunjian/library/string line 2383
Unwinding loop 85 iteration 5 file /home/kunjian/library/string line 2382
Unwinding loop 84 iteration 1 file /home/kunjian/library/string line 2383
Unwinding loop 84 iteration 2 file /home/kunjian/library/string line 2383
Unwinding loop 84 iteration 3 file /home/kunjian/library/string line 2383
Unwinding loop 84 iteration 4 file /home/kunjian/library/string line 2383
Unwinding loop 84 iteration 5 file /home/kunjian/library/string line 2383
Unwinding loop 84 iteration 6 file /home/kunjian/library/string line 2383
Unwinding loop 84 iteration 7 file /home/kunjian/library/string line 2383
Unwinding loop 84 iteration 8 file /home/kunjian/library/string line 2383
Unwinding loop 84 iteration 9 file /home/kunjian/library/string line 2383
Unwinding loop 84 iteration 10 file /home/kunjian/library/string line 2383
Unwinding loop 84 iteration 11 file /home/kunjian/library/string line 2383
Unwinding loop 84 iteration 12 file /home/kunjian/library/string line 2383
Unwinding loop 84 iteration 13 file /home/kunjian/library/string line 2383
Unwinding loop 84 iteration 14 file /home/kunjian/library/string line 2383
Unwinding loop 84 iteration 15 file /home/kunjian/library/string line 2383
Unwinding loop 84 iteration 16 file /home/kunjian/library/string line 2383
Unwinding loop 84 iteration 17 file /home/kunjian/library/string line 2383
Unwinding loop 84 iteration 18 file /home/kunjian/library/string line 2383
Unwinding loop 84 iteration 19 file /home/kunjian/library/string line 2383
Unwinding loop 84 iteration 20 file /home/kunjian/library/string line 2383
Unwinding loop 85 iteration 6 file /home/kunjian/library/string line 2382
Unwinding loop 84 iteration 1 file /home/kunjian/library/string line 2383
Unwinding loop 84 iteration 2 file /home/kunjian/library/string line 2383
Unwinding loop 84 iteration 3 file /home/kunjian/library/string line 2383
Unwinding loop 84 iteration 4 file /home/kunjian/library/string line 2383
Unwinding loop 84 iteration 5 file /home/kunjian/library/string line 2383
Unwinding loop 84 iteration 6 file /home/kunjian/library/string line 2383
Unwinding loop 84 iteration 7 file /home/kunjian/library/string line 2383
Unwinding loop 84 iteration 8 file /home/kunjian/library/string line 2383
Unwinding loop 84 iteration 9 file /home/kunjian/library/string line 2383
Unwinding loop 84 iteration 10 file /home/kunjian/library/string line 2383
Unwinding loop 84 iteration 11 file /home/kunjian/library/string line 2383
Unwinding loop 84 iteration 12 file /home/kunjian/library/string line 2383
Unwinding loop 84 iteration 13 file /home/kunjian/library/string line 2383
Unwinding loop 84 iteration 14 file /home/kunjian/library/string line 2383
Unwinding loop 84 iteration 15 file /home/kunjian/library/string line 2383
Unwinding loop 84 iteration 16 file /home/kunjian/library/string line 2383
Unwinding loop 84 iteration 17 file /home/kunjian/library/string line 2383
Unwinding loop 84 iteration 18 file /home/kunjian/library/string line 2383
Unwinding loop 84 iteration 19 file /home/kunjian/library/string line 2383
Unwinding loop 84 iteration 20 file /home/kunjian/library/string line 2383
Unwinding loop 85 iteration 7 file /home/kunjian/library/string line 2382
Unwinding loop 84 iteration 1 file /home/kunjian/library/string line 2383
Unwinding loop 84 iteration 2 file /home/kunjian/library/string line 2383
Unwinding loop 84 iteration 3 file /home/kunjian/library/string line 2383
Unwinding loop 84 iteration 4 file /home/kunjian/library/string line 2383
Unwinding loop 84 iteration 5 file /home/kunjian/library/string line 2383
Unwinding loop 84 iteration 6 file /home/kunjian/library/string line 2383
Unwinding loop 84 iteration 7 file /home/kunjian/library/string line 2383
Unwinding loop 84 iteration 8 file /home/kunjian/library/string line 2383
Unwinding loop 84 iteration 9 file /home/kunjian/library/string line 2383
Unwinding loop 84 iteration 10 file /home/kunjian/library/string line 2383
Unwinding loop 84 iteration 11 file /home/kunjian/library/string line 2383
Unwinding loop 84 iteration 12 file /home/kunjian/library/string line 2383
Unwinding loop 84 iteration 13 file /home/kunjian/library/string line 2383
Unwinding loop 84 iteration 14 file /home/kunjian/library/string line 2383
Unwinding loop 84 iteration 15 file /home/kunjian/library/string line 2383
Unwinding loop 84 iteration 16 file /home/kunjian/library/string line 2383
Unwinding loop 84 iteration 17 file /home/kunjian/library/string line 2383
Unwinding loop 84 iteration 18 file /home/kunjian/library/string line 2383
Unwinding loop 84 iteration 19 file /home/kunjian/library/string line 2383
Unwinding loop 84 iteration 20 file /home/kunjian/library/string line 2383
Unwinding loop 85 iteration 8 file /home/kunjian/library/string line 2382
Unwinding loop 84 iteration 1 file /home/kunjian/library/string line 2383
Unwinding loop 84 iteration 2 file /home/kunjian/library/string line 2383
Unwinding loop 84 iteration 3 file /home/kunjian/library/string line 2383
Unwinding loop 84 iteration 4 file /home/kunjian/library/string line 2383
Unwinding loop 84 iteration 5 file /home/kunjian/library/string line 2383
Unwinding loop 84 iteration 6 file /home/kunjian/library/string line 2383
Unwinding loop 84 iteration 7 file /home/kunjian/library/string line 2383
Unwinding loop 84 iteration 8 file /home/kunjian/library/string line 2383
Unwinding loop 84 iteration 9 file /home/kunjian/library/string line 2383
Unwinding loop 84 iteration 10 file /home/kunjian/library/string line 2383
Unwinding loop 84 iteration 11 file /home/kunjian/library/string line 2383
Unwinding loop 84 iteration 12 file /home/kunjian/library/string line 2383
Unwinding loop 84 iteration 13 file /home/kunjian/library/string line 2383
Unwinding loop 84 iteration 14 file /home/kunjian/library/string line 2383
Unwinding loop 84 iteration 15 file /home/kunjian/library/string line 2383
Unwinding loop 84 iteration 16 file /home/kunjian/library/string line 2383
Unwinding loop 84 iteration 17 file /home/kunjian/library/string line 2383
Unwinding loop 84 iteration 18 file /home/kunjian/library/string line 2383
Unwinding loop 84 iteration 19 file /home/kunjian/library/string line 2383
Unwinding loop 84 iteration 20 file /home/kunjian/library/string line 2383
Unwinding loop 85 iteration 9 file /home/kunjian/library/string line 2382
Unwinding loop 84 iteration 1 file /home/kunjian/library/string line 2383
Unwinding loop 84 iteration 2 file /home/kunjian/library/string line 2383
Unwinding loop 84 iteration 3 file /home/kunjian/library/string line 2383
Unwinding loop 84 iteration 4 file /home/kunjian/library/string line 2383
Unwinding loop 84 iteration 5 file /home/kunjian/library/string line 2383
Unwinding loop 84 iteration 6 file /home/kunjian/library/string line 2383
Unwinding loop 84 iteration 7 file /home/kunjian/library/string line 2383
Unwinding loop 84 iteration 8 file /home/kunjian/library/string line 2383
Unwinding loop 84 iteration 9 file /home/kunjian/library/string line 2383
Unwinding loop 84 iteration 10 file /home/kunjian/library/string line 2383
Unwinding loop 84 iteration 11 file /home/kunjian/library/string line 2383
Unwinding loop 84 iteration 12 file /home/kunjian/library/string line 2383
Unwinding loop 84 iteration 13 file /home/kunjian/library/string line 2383
Unwinding loop 84 iteration 14 file /home/kunjian/library/string line 2383
Unwinding loop 84 iteration 15 file /home/kunjian/library/string line 2383
Unwinding loop 84 iteration 16 file /home/kunjian/library/string line 2383
Unwinding loop 84 iteration 17 file /home/kunjian/library/string line 2383
Unwinding loop 84 iteration 18 file /home/kunjian/library/string line 2383
Unwinding loop 84 iteration 19 file /home/kunjian/library/string line 2383
Unwinding loop 84 iteration 20 file /home/kunjian/library/string line 2383
Unwinding loop 85 iteration 10 file /home/kunjian/library/string line 2382
Unwinding loop 84 iteration 1 file /home/kunjian/library/string line 2383
Unwinding loop 84 iteration 2 file /home/kunjian/library/string line 2383
Unwinding loop 84 iteration 3 file /home/kunjian/library/string line 2383
Unwinding loop 84 iteration 4 file /home/kunjian/library/string line 2383
Unwinding loop 84 iteration 5 file /home/kunjian/library/string line 2383
Unwinding loop 84 iteration 6 file /home/kunjian/library/string line 2383
Unwinding loop 84 iteration 7 file /home/kunjian/library/string line 2383
Unwinding loop 84 iteration 8 file /home/kunjian/library/string line 2383
Unwinding loop 84 iteration 9 file /home/kunjian/library/string line 2383
Unwinding loop 84 iteration 10 file /home/kunjian/library/string line 2383
Unwinding loop 84 iteration 11 file /home/kunjian/library/string line 2383
Unwinding loop 84 iteration 12 file /home/kunjian/library/string line 2383
Unwinding loop 84 iteration 13 file /home/kunjian/library/string line 2383
Unwinding loop 84 iteration 14 file /home/kunjian/library/string line 2383
Unwinding loop 84 iteration 15 file /home/kunjian/library/string line 2383
Unwinding loop 84 iteration 16 file /home/kunjian/library/string line 2383
Unwinding loop 84 iteration 17 file /home/kunjian/library/string line 2383
Unwinding loop 84 iteration 18 file /home/kunjian/library/string line 2383
Unwinding loop 84 iteration 19 file /home/kunjian/library/string line 2383
Unwinding loop 84 iteration 20 file /home/kunjian/library/string line 2383
Unwinding loop 85 iteration 11 file /home/kunjian/library/string line 2382
Unwinding loop 84 iteration 1 file /home/kunjian/library/string line 2383
Unwinding loop 84 iteration 2 file /home/kunjian/library/string line 2383
Unwinding loop 84 iteration 3 file /home/kunjian/library/string line 2383
Unwinding loop 84 iteration 4 file /home/kunjian/library/string line 2383
Unwinding loop 84 iteration 5 file /home/kunjian/library/string line 2383
Unwinding loop 84 iteration 6 file /home/kunjian/library/string line 2383
Unwinding loop 84 iteration 7 file /home/kunjian/library/string line 2383
Unwinding loop 84 iteration 8 file /home/kunjian/library/string line 2383
Unwinding loop 84 iteration 9 file /home/kunjian/library/string line 2383
Unwinding loop 84 iteration 10 file /home/kunjian/library/string line 2383
Unwinding loop 84 iteration 11 file /home/kunjian/library/string line 2383
Unwinding loop 84 iteration 12 file /home/kunjian/library/string line 2383
Unwinding loop 84 iteration 13 file /home/kunjian/library/string line 2383
Unwinding loop 84 iteration 14 file /home/kunjian/library/string line 2383
Unwinding loop 84 iteration 15 file /home/kunjian/library/string line 2383
Unwinding loop 84 iteration 16 file /home/kunjian/library/string line 2383
Unwinding loop 84 iteration 17 file /home/kunjian/library/string line 2383
Unwinding loop 84 iteration 18 file /home/kunjian/library/string line 2383
Unwinding loop 84 iteration 19 file /home/kunjian/library/string line 2383
Unwinding loop 84 iteration 20 file /home/kunjian/library/string line 2383
Unwinding loop 85 iteration 12 file /home/kunjian/library/string line 2382
Unwinding loop 84 iteration 1 file /home/kunjian/library/string line 2383
Unwinding loop 84 iteration 2 file /home/kunjian/library/string line 2383
Unwinding loop 84 iteration 3 file /home/kunjian/library/string line 2383
Unwinding loop 84 iteration 4 file /home/kunjian/library/string line 2383
Unwinding loop 84 iteration 5 file /home/kunjian/library/string line 2383
Unwinding loop 84 iteration 6 file /home/kunjian/library/string line 2383
Unwinding loop 84 iteration 7 file /home/kunjian/library/string line 2383
Unwinding loop 84 iteration 8 file /home/kunjian/library/string line 2383
Unwinding loop 84 iteration 9 file /home/kunjian/library/string line 2383
Unwinding loop 84 iteration 10 file /home/kunjian/library/string line 2383
Unwinding loop 84 iteration 11 file /home/kunjian/library/string line 2383
Unwinding loop 84 iteration 12 file /home/kunjian/library/string line 2383
Unwinding loop 84 iteration 13 file /home/kunjian/library/string line 2383
Unwinding loop 84 iteration 14 file /home/kunjian/library/string line 2383
Unwinding loop 84 iteration 15 file /home/kunjian/library/string line 2383
Unwinding loop 84 iteration 16 file /home/kunjian/library/string line 2383
Unwinding loop 84 iteration 17 file /home/kunjian/library/string line 2383
Unwinding loop 84 iteration 18 file /home/kunjian/library/string line 2383
Unwinding loop 84 iteration 19 file /home/kunjian/library/string line 2383
Unwinding loop 84 iteration 20 file /home/kunjian/library/string line 2383
Unwinding loop 85 iteration 13 file /home/kunjian/library/string line 2382
Unwinding loop 84 iteration 1 file /home/kunjian/library/string line 2383
Unwinding loop 84 iteration 2 file /home/kunjian/library/string line 2383
Unwinding loop 84 iteration 3 file /home/kunjian/library/string line 2383
Unwinding loop 84 iteration 4 file /home/kunjian/library/string line 2383
Unwinding loop 84 iteration 5 file /home/kunjian/library/string line 2383
Unwinding loop 84 iteration 6 file /home/kunjian/library/string line 2383
Unwinding loop 84 iteration 7 file /home/kunjian/library/string line 2383
Unwinding loop 84 iteration 8 file /home/kunjian/library/string line 2383
Unwinding loop 84 iteration 9 file /home/kunjian/library/string line 2383
Unwinding loop 84 iteration 10 file /home/kunjian/library/string line 2383
Unwinding loop 84 iteration 11 file /home/kunjian/library/string line 2383
Unwinding loop 84 iteration 12 file /home/kunjian/library/string line 2383
Unwinding loop 84 iteration 13 file /home/kunjian/library/string line 2383
Unwinding loop 84 iteration 14 file /home/kunjian/library/string line 2383
Unwinding loop 84 iteration 15 file /home/kunjian/library/string line 2383
Unwinding loop 84 iteration 16 file /home/kunjian/library/string line 2383
Unwinding loop 84 iteration 17 file /home/kunjian/library/string line 2383
Unwinding loop 84 iteration 18 file /home/kunjian/library/string line 2383
Unwinding loop 84 iteration 19 file /home/kunjian/library/string line 2383
Unwinding loop 84 iteration 20 file /home/kunjian/library/string line 2383
Unwinding loop 85 iteration 14 file /home/kunjian/library/string line 2382
Unwinding loop 84 iteration 1 file /home/kunjian/library/string line 2383
Unwinding loop 84 iteration 2 file /home/kunjian/library/string line 2383
Unwinding loop 84 iteration 3 file /home/kunjian/library/string line 2383
Unwinding loop 84 iteration 4 file /home/kunjian/library/string line 2383
Unwinding loop 84 iteration 5 file /home/kunjian/library/string line 2383
Unwinding loop 84 iteration 6 file /home/kunjian/library/string line 2383
Unwinding loop 84 iteration 7 file /home/kunjian/library/string line 2383
Unwinding loop 84 iteration 8 file /home/kunjian/library/string line 2383
Unwinding loop 84 iteration 9 file /home/kunjian/library/string line 2383
Unwinding loop 84 iteration 10 file /home/kunjian/library/string line 2383
Unwinding loop 84 iteration 11 file /home/kunjian/library/string line 2383
Unwinding loop 84 iteration 12 file /home/kunjian/library/string line 2383
Unwinding loop 84 iteration 13 file /home/kunjian/library/string line 2383
Unwinding loop 84 iteration 14 file /home/kunjian/library/string line 2383
Unwinding loop 84 iteration 15 file /home/kunjian/library/string line 2383
Unwinding loop 84 iteration 16 file /home/kunjian/library/string line 2383
Unwinding loop 84 iteration 17 file /home/kunjian/library/string line 2383
Unwinding loop 84 iteration 18 file /home/kunjian/library/string line 2383
Unwinding loop 84 iteration 19 file /home/kunjian/library/string line 2383
Unwinding loop 84 iteration 20 file /home/kunjian/library/string line 2383
Unwinding loop 85 iteration 15 file /home/kunjian/library/string line 2382
Unwinding loop 84 iteration 1 file /home/kunjian/library/string line 2383
Unwinding loop 84 iteration 2 file /home/kunjian/library/string line 2383
Unwinding loop 84 iteration 3 file /home/kunjian/library/string line 2383
Unwinding loop 84 iteration 4 file /home/kunjian/library/string line 2383
Unwinding loop 84 iteration 5 file /home/kunjian/library/string line 2383
Unwinding loop 84 iteration 6 file /home/kunjian/library/string line 2383
Unwinding loop 84 iteration 7 file /home/kunjian/library/string line 2383
Unwinding loop 84 iteration 8 file /home/kunjian/library/string line 2383
Unwinding loop 84 iteration 9 file /home/kunjian/library/string line 2383
Unwinding loop 84 iteration 10 file /home/kunjian/library/string line 2383
Unwinding loop 84 iteration 11 file /home/kunjian/library/string line 2383
Unwinding loop 84 iteration 12 file /home/kunjian/library/string line 2383
Unwinding loop 84 iteration 13 file /home/kunjian/library/string line 2383
Unwinding loop 84 iteration 14 file /home/kunjian/library/string line 2383
Unwinding loop 84 iteration 15 file /home/kunjian/library/string line 2383
Unwinding loop 84 iteration 16 file /home/kunjian/library/string line 2383
Unwinding loop 84 iteration 17 file /home/kunjian/library/string line 2383
Unwinding loop 84 iteration 18 file /home/kunjian/library/string line 2383
Unwinding loop 84 iteration 19 file /home/kunjian/library/string line 2383
Unwinding loop 84 iteration 20 file /home/kunjian/library/string line 2383
Unwinding loop 85 iteration 16 file /home/kunjian/library/string line 2382
Unwinding loop 84 iteration 1 file /home/kunjian/library/string line 2383
Unwinding loop 84 iteration 2 file /home/kunjian/library/string line 2383
Unwinding loop 84 iteration 3 file /home/kunjian/library/string line 2383
Unwinding loop 84 iteration 4 file /home/kunjian/library/string line 2383
Unwinding loop 84 iteration 5 file /home/kunjian/library/string line 2383
Unwinding loop 84 iteration 6 file /home/kunjian/library/string line 2383
Unwinding loop 84 iteration 7 file /home/kunjian/library/string line 2383
Unwinding loop 84 iteration 8 file /home/kunjian/library/string line 2383
Unwinding loop 84 iteration 9 file /home/kunjian/library/string line 2383
Unwinding loop 84 iteration 10 file /home/kunjian/library/string line 2383
Unwinding loop 84 iteration 11 file /home/kunjian/library/string line 2383
Unwinding loop 84 iteration 12 file /home/kunjian/library/string line 2383
Unwinding loop 84 iteration 13 file /home/kunjian/library/string line 2383
Unwinding loop 84 iteration 14 file /home/kunjian/library/string line 2383
Unwinding loop 84 iteration 15 file /home/kunjian/library/string line 2383
Unwinding loop 84 iteration 16 file /home/kunjian/library/string line 2383
Unwinding loop 84 iteration 17 file /home/kunjian/library/string line 2383
Unwinding loop 84 iteration 18 file /home/kunjian/library/string line 2383
Unwinding loop 84 iteration 19 file /home/kunjian/library/string line 2383
Unwinding loop 84 iteration 20 file /home/kunjian/library/string line 2383
Unwinding loop 85 iteration 17 file /home/kunjian/library/string line 2382
Unwinding loop 84 iteration 1 file /home/kunjian/library/string line 2383
Unwinding loop 84 iteration 2 file /home/kunjian/library/string line 2383
Unwinding loop 84 iteration 3 file /home/kunjian/library/string line 2383
Unwinding loop 84 iteration 4 file /home/kunjian/library/string line 2383
Unwinding loop 84 iteration 5 file /home/kunjian/library/string line 2383
Unwinding loop 84 iteration 6 file /home/kunjian/library/string line 2383
Unwinding loop 84 iteration 7 file /home/kunjian/library/string line 2383
Unwinding loop 84 iteration 8 file /home/kunjian/library/string line 2383
Unwinding loop 84 iteration 9 file /home/kunjian/library/string line 2383
Unwinding loop 84 iteration 10 file /home/kunjian/library/string line 2383
Unwinding loop 84 iteration 11 file /home/kunjian/library/string line 2383
Unwinding loop 84 iteration 12 file /home/kunjian/library/string line 2383
Unwinding loop 84 iteration 13 file /home/kunjian/library/string line 2383
Unwinding loop 84 iteration 14 file /home/kunjian/library/string line 2383
Unwinding loop 84 iteration 15 file /home/kunjian/library/string line 2383
Unwinding loop 84 iteration 16 file /home/kunjian/library/string line 2383
Unwinding loop 84 iteration 17 file /home/kunjian/library/string line 2383
Unwinding loop 84 iteration 18 file /home/kunjian/library/string line 2383
Unwinding loop 84 iteration 19 file /home/kunjian/library/string line 2383
Unwinding loop 84 iteration 20 file /home/kunjian/library/string line 2383
Unwinding loop 85 iteration 18 file /home/kunjian/library/string line 2382
Unwinding loop 84 iteration 1 file /home/kunjian/library/string line 2383
Unwinding loop 84 iteration 2 file /home/kunjian/library/string line 2383
Unwinding loop 84 iteration 3 file /home/kunjian/library/string line 2383
Unwinding loop 84 iteration 4 file /home/kunjian/library/string line 2383
Unwinding loop 84 iteration 5 file /home/kunjian/library/string line 2383
Unwinding loop 84 iteration 6 file /home/kunjian/library/string line 2383
Unwinding loop 84 iteration 7 file /home/kunjian/library/string line 2383
Unwinding loop 84 iteration 8 file /home/kunjian/library/string line 2383
Unwinding loop 84 iteration 9 file /home/kunjian/library/string line 2383
Unwinding loop 84 iteration 10 file /home/kunjian/library/string line 2383
Unwinding loop 84 iteration 11 file /home/kunjian/library/string line 2383
Unwinding loop 84 iteration 12 file /home/kunjian/library/string line 2383
Unwinding loop 84 iteration 13 file /home/kunjian/library/string line 2383
Unwinding loop 84 iteration 14 file /home/kunjian/library/string line 2383
Unwinding loop 84 iteration 15 file /home/kunjian/library/string line 2383
Unwinding loop 84 iteration 16 file /home/kunjian/library/string line 2383
Unwinding loop 84 iteration 17 file /home/kunjian/library/string line 2383
Unwinding loop 84 iteration 18 file /home/kunjian/library/string line 2383
Unwinding loop 84 iteration 19 file /home/kunjian/library/string line 2383
Unwinding loop 84 iteration 20 file /home/kunjian/library/string line 2383
Unwinding loop 85 iteration 19 file /home/kunjian/library/string line 2382
Unwinding loop 84 iteration 1 file /home/kunjian/library/string line 2383
Unwinding loop 84 iteration 2 file /home/kunjian/library/string line 2383
Unwinding loop 84 iteration 3 file /home/kunjian/library/string line 2383
Unwinding loop 84 iteration 4 file /home/kunjian/library/string line 2383
Unwinding loop 84 iteration 5 file /home/kunjian/library/string line 2383
Unwinding loop 84 iteration 6 file /home/kunjian/library/string line 2383
Unwinding loop 84 iteration 7 file /home/kunjian/library/string line 2383
Unwinding loop 84 iteration 8 file /home/kunjian/library/string line 2383
Unwinding loop 84 iteration 9 file /home/kunjian/library/string line 2383
Unwinding loop 84 iteration 10 file /home/kunjian/library/string line 2383
Unwinding loop 84 iteration 11 file /home/kunjian/library/string line 2383
Unwinding loop 84 iteration 12 file /home/kunjian/library/string line 2383
Unwinding loop 84 iteration 13 file /home/kunjian/library/string line 2383
Unwinding loop 84 iteration 14 file /home/kunjian/library/string line 2383
Unwinding loop 84 iteration 15 file /home/kunjian/library/string line 2383
Unwinding loop 84 iteration 16 file /home/kunjian/library/string line 2383
Unwinding loop 84 iteration 17 file /home/kunjian/library/string line 2383
Unwinding loop 84 iteration 18 file /home/kunjian/library/string line 2383
Unwinding loop 84 iteration 19 file /home/kunjian/library/string line 2383
Unwinding loop 84 iteration 20 file /home/kunjian/library/string line 2383
Unwinding loop 85 iteration 20 file /home/kunjian/library/string line 2382
Unwinding loop 111 iteration 1 file /home/kunjian/library/string line 1780
Unwinding loop 111 iteration 2 file /home/kunjian/library/string line 1780
Unwinding loop 111 iteration 3 file /home/kunjian/library/string line 1780
Unwinding loop 111 iteration 4 file /home/kunjian/library/string line 1780
Unwinding loop 111 iteration 5 file /home/kunjian/library/string line 1780
Unwinding loop 111 iteration 6 file /home/kunjian/library/string line 1780
Unwinding loop 111 iteration 7 file /home/kunjian/library/string line 1780
Unwinding loop 111 iteration 8 file /home/kunjian/library/string line 1780
Unwinding loop 111 iteration 9 file /home/kunjian/library/string line 1780
Unwinding loop 111 iteration 10 file /home/kunjian/library/string line 1780
Unwinding loop 111 iteration 11 file /home/kunjian/library/string line 1780
Unwinding loop 111 iteration 12 file /home/kunjian/library/string line 1780
Unwinding loop 111 iteration 13 file /home/kunjian/library/string line 1780
Unwinding loop 111 iteration 14 file /home/kunjian/library/string line 1780
Unwinding loop 111 iteration 15 file /home/kunjian/library/string line 1780
Unwinding loop 111 iteration 16 file /home/kunjian/library/string line 1780
Unwinding loop 111 iteration 17 file /home/kunjian/library/string line 1780
Unwinding loop 111 iteration 18 file /home/kunjian/library/string line 1780
Unwinding loop 111 iteration 19 file /home/kunjian/library/string line 1780
Unwinding loop 111 iteration 20 file /home/kunjian/library/string line 1780
Unwinding loop 112 iteration 1 file /home/kunjian/library/string line 1785
Unwinding loop 112 iteration 2 file /home/kunjian/library/string line 1785
Unwinding loop 112 iteration 3 file /home/kunjian/library/string line 1785
Unwinding loop 112 iteration 4 file /home/kunjian/library/string line 1785
Unwinding loop 112 iteration 5 file /home/kunjian/library/string line 1785
Unwinding loop 112 iteration 6 file /home/kunjian/library/string line 1785
Unwinding loop 112 iteration 7 file /home/kunjian/library/string line 1785
Unwinding loop 112 iteration 8 file /home/kunjian/library/string line 1785
Unwinding loop 112 iteration 9 file /home/kunjian/library/string line 1785
Unwinding loop 112 iteration 10 file /home/kunjian/library/string line 1785
Unwinding loop 112 iteration 11 file /home/kunjian/library/string line 1785
Unwinding loop 112 iteration 12 file /home/kunjian/library/string line 1785
Unwinding loop 112 iteration 13 file /home/kunjian/library/string line 1785
Unwinding loop 112 iteration 14 file /home/kunjian/library/string line 1785
Unwinding loop 112 iteration 15 file /home/kunjian/library/string line 1785
Unwinding loop 112 iteration 16 file /home/kunjian/library/string line 1785
Unwinding loop 112 iteration 17 file /home/kunjian/library/string line 1785
Unwinding loop 112 iteration 18 file /home/kunjian/library/string line 1785
Unwinding loop 112 iteration 19 file /home/kunjian/library/string line 1785
Unwinding loop 112 iteration 20 file /home/kunjian/library/string line 1785
Unwinding loop 113 iteration 1 file /home/kunjian/library/string line 1791
Unwinding loop 113 iteration 2 file /home/kunjian/library/string line 1791
Unwinding loop 113 iteration 3 file /home/kunjian/library/string line 1791
Unwinding loop 113 iteration 4 file /home/kunjian/library/string line 1791
Unwinding loop 113 iteration 5 file /home/kunjian/library/string line 1791
Unwinding loop 113 iteration 6 file /home/kunjian/library/string line 1791
Unwinding loop 113 iteration 7 file /home/kunjian/library/string line 1791
Unwinding loop 113 iteration 8 file /home/kunjian/library/string line 1791
Unwinding loop 113 iteration 9 file /home/kunjian/library/string line 1791
Unwinding loop 113 iteration 10 file /home/kunjian/library/string line 1791
Unwinding loop 113 iteration 11 file /home/kunjian/library/string line 1791
Unwinding loop 113 iteration 12 file /home/kunjian/library/string line 1791
Unwinding loop 113 iteration 13 file /home/kunjian/library/string line 1791
Unwinding loop 113 iteration 14 file /home/kunjian/library/string line 1791
Unwinding loop 113 iteration 15 file /home/kunjian/library/string line 1791
Unwinding loop 113 iteration 16 file /home/kunjian/library/string line 1791
Unwinding loop 113 iteration 17 file /home/kunjian/library/string line 1791
Unwinding loop 113 iteration 18 file /home/kunjian/library/string line 1791
Unwinding loop 113 iteration 19 file /home/kunjian/library/string line 1791
Unwinding loop 113 iteration 20 file /home/kunjian/library/string line 1791
Unwinding loop 114 iteration 1 file /home/kunjian/library/string line 1794
Unwinding loop 114 iteration 2 file /home/kunjian/library/string line 1794
Unwinding loop 114 iteration 3 file /home/kunjian/library/string line 1794
Unwinding loop 114 iteration 4 file /home/kunjian/library/string line 1794
Unwinding loop 114 iteration 5 file /home/kunjian/library/string line 1794
Unwinding loop 114 iteration 6 file /home/kunjian/library/string line 1794
Unwinding loop 114 iteration 7 file /home/kunjian/library/string line 1794
Unwinding loop 114 iteration 8 file /home/kunjian/library/string line 1794
Unwinding loop 114 iteration 9 file /home/kunjian/library/string line 1794
Unwinding loop 114 iteration 10 file /home/kunjian/library/string line 1794
Unwinding loop 114 iteration 11 file /home/kunjian/library/string line 1794
Unwinding loop 114 iteration 12 file /home/kunjian/library/string line 1794
Unwinding loop 114 iteration 13 file /home/kunjian/library/string line 1794
Unwinding loop 114 iteration 14 file /home/kunjian/library/string line 1794
Unwinding loop 114 iteration 15 file /home/kunjian/library/string line 1794
Unwinding loop 114 iteration 16 file /home/kunjian/library/string line 1794
Unwinding loop 114 iteration 17 file /home/kunjian/library/string line 1794
Unwinding loop 114 iteration 18 file /home/kunjian/library/string line 1794
Unwinding loop 114 iteration 19 file /home/kunjian/library/string line 1794
Unwinding loop 114 iteration 20 file /home/kunjian/library/string line 1794
Unwinding loop 12 iteration 1 file /home/kunjian/library/cstring line 141
Unwinding loop 12 iteration 2 file /home/kunjian/library/cstring line 141
Unwinding loop 129 iteration 1 file /home/kunjian/library/string line 1885
Unwinding loop 129 iteration 2 file /home/kunjian/library/string line 1885
Unwinding loop 12 iteration 1 file /home/kunjian/library/cstring line 141
Unwinding loop 12 iteration 2 file /home/kunjian/library/cstring line 141
Unwinding loop 12 iteration 3 file /home/kunjian/library/cstring line 141
Unwinding loop 12 iteration 4 file /home/kunjian/library/cstring line 141
Unwinding loop 12 iteration 5 file /home/kunjian/library/cstring line 141
Unwinding loop 12 iteration 6 file /home/kunjian/library/cstring line 141
Unwinding loop 12 iteration 7 file /home/kunjian/library/cstring line 141
Unwinding loop 12 iteration 8 file /home/kunjian/library/cstring line 141
Unwinding loop 12 iteration 9 file /home/kunjian/library/cstring line 141
Unwinding loop 12 iteration 10 file /home/kunjian/library/cstring line 141
Unwinding loop 12 iteration 11 file /home/kunjian/library/cstring line 141
Unwinding loop 12 iteration 12 file /home/kunjian/library/cstring line 141
Unwinding loop 12 iteration 13 file /home/kunjian/library/cstring line 141
Unwinding loop 12 iteration 14 file /home/kunjian/library/cstring line 141
Unwinding loop 12 iteration 15 file /home/kunjian/library/cstring line 141
Unwinding loop 12 iteration 16 file /home/kunjian/library/cstring line 141
Unwinding loop 12 iteration 17 file /home/kunjian/library/cstring line 141
Unwinding loop 12 iteration 18 file /home/kunjian/library/cstring line 141
Unwinding loop 12 iteration 19 file /home/kunjian/library/cstring line 141
Unwinding loop 12 iteration 20 file /home/kunjian/library/cstring line 141
Unwinding loop 147 iteration 1 file /home/kunjian/library/string line 1711
Unwinding loop 147 iteration 2 file /home/kunjian/library/string line 1711
Unwinding loop 147 iteration 3 file /home/kunjian/library/string line 1711
Unwinding loop 147 iteration 4 file /home/kunjian/library/string line 1711
Unwinding loop 147 iteration 5 file /home/kunjian/library/string line 1711
Unwinding loop 147 iteration 6 file /home/kunjian/library/string line 1711
Unwinding loop 147 iteration 7 file /home/kunjian/library/string line 1711
Unwinding loop 147 iteration 8 file /home/kunjian/library/string line 1711
Unwinding loop 147 iteration 9 file /home/kunjian/library/string line 1711
Unwinding loop 147 iteration 10 file /home/kunjian/library/string line 1711
Unwinding loop 147 iteration 11 file /home/kunjian/library/string line 1711
Unwinding loop 147 iteration 12 file /home/kunjian/library/string line 1711
Unwinding loop 147 iteration 13 file /home/kunjian/library/string line 1711
Unwinding loop 147 iteration 14 file /home/kunjian/library/string line 1711
Unwinding loop 147 iteration 15 file /home/kunjian/library/string line 1711
Unwinding loop 147 iteration 16 file /home/kunjian/library/string line 1711
Unwinding loop 147 iteration 17 file /home/kunjian/library/string line 1711
Unwinding loop 147 iteration 18 file /home/kunjian/library/string line 1711
Unwinding loop 147 iteration 19 file /home/kunjian/library/string line 1711
Unwinding loop 147 iteration 20 file /home/kunjian/library/string line 1711
Unwinding loop 148 iteration 1 file /home/kunjian/library/string line 1716
Unwinding loop 148 iteration 2 file /home/kunjian/library/string line 1716
Unwinding loop 148 iteration 3 file /home/kunjian/library/string line 1716
Unwinding loop 148 iteration 4 file /home/kunjian/library/string line 1716
Unwinding loop 148 iteration 5 file /home/kunjian/library/string line 1716
Unwinding loop 148 iteration 6 file /home/kunjian/library/string line 1716
Unwinding loop 148 iteration 7 file /home/kunjian/library/string line 1716
Unwinding loop 148 iteration 8 file /home/kunjian/library/string line 1716
Unwinding loop 148 iteration 9 file /home/kunjian/library/string line 1716
Unwinding loop 148 iteration 10 file /home/kunjian/library/string line 1716
Unwinding loop 148 iteration 11 file /home/kunjian/library/string line 1716
Unwinding loop 148 iteration 12 file /home/kunjian/library/string line 1716
Unwinding loop 148 iteration 13 file /home/kunjian/library/string line 1716
Unwinding loop 148 iteration 14 file /home/kunjian/library/string line 1716
Unwinding loop 148 iteration 15 file /home/kunjian/library/string line 1716
Unwinding loop 148 iteration 16 file /home/kunjian/library/string line 1716
Unwinding loop 148 iteration 17 file /home/kunjian/library/string line 1716
Unwinding loop 148 iteration 18 file /home/kunjian/library/string line 1716
Unwinding loop 148 iteration 19 file /home/kunjian/library/string line 1716
Unwinding loop 148 iteration 20 file /home/kunjian/library/string line 1716
Unwinding loop 12 iteration 1 file /home/kunjian/library/cstring line 141
Unwinding loop 12 iteration 2 file /home/kunjian/library/cstring line 141
Unwinding loop 12 iteration 3 file /home/kunjian/library/cstring line 141
Unwinding loop 12 iteration 4 file /home/kunjian/library/cstring line 141
Unwinding loop 12 iteration 5 file /home/kunjian/library/cstring line 141
Unwinding loop 12 iteration 6 file /home/kunjian/library/cstring line 141
Unwinding loop 12 iteration 7 file /home/kunjian/library/cstring line 141
Unwinding loop 12 iteration 8 file /home/kunjian/library/cstring line 141
Unwinding loop 12 iteration 9 file /home/kunjian/library/cstring line 141
Unwinding loop 12 iteration 10 file /home/kunjian/library/cstring line 141
Unwinding loop 12 iteration 11 file /home/kunjian/library/cstring line 141
Unwinding loop 12 iteration 12 file /home/kunjian/library/cstring line 141
Unwinding loop 12 iteration 13 file /home/kunjian/library/cstring line 141
Unwinding loop 12 iteration 14 file /home/kunjian/library/cstring line 141
Unwinding loop 12 iteration 15 file /home/kunjian/library/cstring line 141
Unwinding loop 12 iteration 16 file /home/kunjian/library/cstring line 141
Unwinding loop 12 iteration 17 file /home/kunjian/library/cstring line 141
Unwinding loop 12 iteration 18 file /home/kunjian/library/cstring line 141
Unwinding loop 12 iteration 19 file /home/kunjian/library/cstring line 141
Unwinding loop 12 iteration 20 file /home/kunjian/library/cstring line 141
Unwinding loop 149 iteration 1 file /home/kunjian/library/string line 1723
Unwinding loop 149 iteration 2 file /home/kunjian/library/string line 1723
Unwinding loop 149 iteration 3 file /home/kunjian/library/string line 1723
Unwinding loop 149 iteration 4 file /home/kunjian/library/string line 1723
Unwinding loop 149 iteration 5 file /home/kunjian/library/string line 1723
Unwinding loop 149 iteration 6 file /home/kunjian/library/string line 1723
Unwinding loop 149 iteration 7 file /home/kunjian/library/string line 1723
Unwinding loop 149 iteration 8 file /home/kunjian/library/string line 1723
Unwinding loop 149 iteration 9 file /home/kunjian/library/string line 1723
Unwinding loop 149 iteration 10 file /home/kunjian/library/string line 1723
Unwinding loop 149 iteration 11 file /home/kunjian/library/string line 1723
Unwinding loop 149 iteration 12 file /home/kunjian/library/string line 1723
Unwinding loop 149 iteration 13 file /home/kunjian/library/string line 1723
Unwinding loop 149 iteration 14 file /home/kunjian/library/string line 1723
Unwinding loop 149 iteration 15 file /home/kunjian/library/string line 1723
Unwinding loop 149 iteration 16 file /home/kunjian/library/string line 1723
Unwinding loop 149 iteration 17 file /home/kunjian/library/string line 1723
Unwinding loop 149 iteration 18 file /home/kunjian/library/string line 1723
Unwinding loop 149 iteration 19 file /home/kunjian/library/string line 1723
Unwinding loop 149 iteration 20 file /home/kunjian/library/string line 1723
Unwinding loop 150 iteration 1 file /home/kunjian/library/string line 1726
Unwinding loop 150 iteration 2 file /home/kunjian/library/string line 1726
Unwinding loop 150 iteration 3 file /home/kunjian/library/string line 1726
Unwinding loop 150 iteration 4 file /home/kunjian/library/string line 1726
Unwinding loop 150 iteration 5 file /home/kunjian/library/string line 1726
Unwinding loop 150 iteration 6 file /home/kunjian/library/string line 1726
Unwinding loop 150 iteration 7 file /home/kunjian/library/string line 1726
Unwinding loop 150 iteration 8 file /home/kunjian/library/string line 1726
Unwinding loop 150 iteration 9 file /home/kunjian/library/string line 1726
Unwinding loop 150 iteration 10 file /home/kunjian/library/string line 1726
Unwinding loop 150 iteration 11 file /home/kunjian/library/string line 1726
Unwinding loop 150 iteration 12 file /home/kunjian/library/string line 1726
Unwinding loop 150 iteration 13 file /home/kunjian/library/string line 1726
Unwinding loop 150 iteration 14 file /home/kunjian/library/string line 1726
Unwinding loop 150 iteration 15 file /home/kunjian/library/string line 1726
Unwinding loop 150 iteration 16 file /home/kunjian/library/string line 1726
Unwinding loop 150 iteration 17 file /home/kunjian/library/string line 1726
Unwinding loop 150 iteration 18 file /home/kunjian/library/string line 1726
Unwinding loop 150 iteration 19 file /home/kunjian/library/string line 1726
Unwinding loop 150 iteration 20 file /home/kunjian/library/string line 1726
Unwinding loop 151 iteration 1 file /home/kunjian/library/string line 1729
Unwinding loop 151 iteration 2 file /home/kunjian/library/string line 1729
Unwinding loop 151 iteration 3 file /home/kunjian/library/string line 1729
Unwinding loop 151 iteration 4 file /home/kunjian/library/string line 1729
Unwinding loop 151 iteration 5 file /home/kunjian/library/string line 1729
Unwinding loop 151 iteration 6 file /home/kunjian/library/string line 1729
Unwinding loop 151 iteration 7 file /home/kunjian/library/string line 1729
Unwinding loop 151 iteration 8 file /home/kunjian/library/string line 1729
Unwinding loop 151 iteration 9 file /home/kunjian/library/string line 1729
Unwinding loop 151 iteration 10 file /home/kunjian/library/string line 1729
Unwinding loop 151 iteration 11 file /home/kunjian/library/string line 1729
Unwinding loop 151 iteration 12 file /home/kunjian/library/string line 1729
Unwinding loop 151 iteration 13 file /home/kunjian/library/string line 1729
Unwinding loop 151 iteration 14 file /home/kunjian/library/string line 1729
Unwinding loop 151 iteration 15 file /home/kunjian/library/string line 1729
Unwinding loop 151 iteration 16 file /home/kunjian/library/string line 1729
Unwinding loop 151 iteration 17 file /home/kunjian/library/string line 1729
Unwinding loop 151 iteration 18 file /home/kunjian/library/string line 1729
Unwinding loop 151 iteration 19 file /home/kunjian/library/string line 1729
Unwinding loop 151 iteration 20 file /home/kunjian/library/string line 1729
Unwinding loop 12 iteration 1 file /home/kunjian/library/cstring line 141
Unwinding loop 12 iteration 2 file /home/kunjian/library/cstring line 141
Unwinding loop 12 iteration 3 file /home/kunjian/library/cstring line 141
Unwinding loop 12 iteration 4 file /home/kunjian/library/cstring line 141
Unwinding loop 12 iteration 5 file /home/kunjian/library/cstring line 141
Unwinding loop 12 iteration 6 file /home/kunjian/library/cstring line 141
Unwinding loop 12 iteration 7 file /home/kunjian/library/cstring line 141
Unwinding loop 12 iteration 8 file /home/kunjian/library/cstring line 141
Unwinding loop 12 iteration 9 file /home/kunjian/library/cstring line 141
Unwinding loop 12 iteration 10 file /home/kunjian/library/cstring line 141
Unwinding loop 12 iteration 11 file /home/kunjian/library/cstring line 141
Unwinding loop 12 iteration 12 file /home/kunjian/library/cstring line 141
Unwinding loop 12 iteration 13 file /home/kunjian/library/cstring line 141
Unwinding loop 12 iteration 14 file /home/kunjian/library/cstring line 141
Unwinding loop 12 iteration 15 file /home/kunjian/library/cstring line 141
Unwinding loop 12 iteration 16 file /home/kunjian/library/cstring line 141
Unwinding loop 7 iteration 1 file /home/kunjian/library/cstring line 75
Unwinding loop 7 iteration 2 file /home/kunjian/library/cstring line 75
Unwinding loop 7 iteration 3 file /home/kunjian/library/cstring line 75
Unwinding loop 7 iteration 4 file /home/kunjian/library/cstring line 75
Unwinding loop 7 iteration 5 file /home/kunjian/library/cstring line 75
Unwinding loop 7 iteration 6 file /home/kunjian/library/cstring line 75
Unwinding loop 7 iteration 7 file /home/kunjian/library/cstring line 75
Unwinding loop 7 iteration 8 file /home/kunjian/library/cstring line 75
Unwinding loop 7 iteration 9 file /home/kunjian/library/cstring line 75
Unwinding loop 7 iteration 10 file /home/kunjian/library/cstring line 75
Unwinding loop 7 iteration 11 file /home/kunjian/library/cstring line 75
Unwinding loop 7 iteration 12 file /home/kunjian/library/cstring line 75
Unwinding loop 7 iteration 13 file /home/kunjian/library/cstring line 75
Unwinding loop 7 iteration 14 file /home/kunjian/library/cstring line 75
Unwinding loop 7 iteration 15 file /home/kunjian/library/cstring line 75
Unwinding loop 7 iteration 16 file /home/kunjian/library/cstring line 75
Unwinding loop 7 iteration 17 file /home/kunjian/library/cstring line 75
Unwinding loop 7 iteration 18 file /home/kunjian/library/cstring line 75
Unwinding loop 7 iteration 19 file /home/kunjian/library/cstring line 75
Unwinding loop 7 iteration 20 file /home/kunjian/library/cstring line 75
Symex completed in: 6.139s
size of program expression: 14638 assignments
Timed out
No solver specified; defaulting to Boolector


ARGUMENTS: ['esbmc_binary/old_v21/esbmc', 'esbmc-cpp/string/string_rfind_2_bug/main.cpp', '--unwind', '20', '--no-unwinding-assertions', '--memlimit', '14000000', '--timeout', '900', '-I', '/home/kunjian/library']

----------------------------------------------------------------------
Ran 233 tests in 8784.819s

FAILED (failures=1)
Found 233 test cases
19.926
12.860
12.793
16.862
14.618
14.993
14.032
16.627
14.179
13.140
12.840
12.862
13.607
13.561
15.154
15.854
51.361
19.475
14.750
18.672
17.627
17.654
13.483
14.154
13.410
12.971
13.628
14.316
16.097
15.473
18.005
17.987
13.373
12.800
13.794
16.556
18.976
35.071
14.117
14.111
16.403
12.710
13.220
15.848
12.753
17.955
18.262
14.070
20.686
13.458
17.259
13.621
21.056
18.618
14.320
15.252
15.719
14.857
14.522
14.431
13.335
13.197
13.643
15.302
15.572
14.901
14.394
14.985
14.488
15.093
14.119
14.264
14.226
14.023
15.137
18.761
15.090
18.734
23.836
24.532
56.760
46.513
213.120
34.175
157.562
4709.265
13.533
13.949
15.114
56.571
14.222
15.046
34.573
34.270
18.776
36.457
51.610
70.568
104.899
167.944
25.782
37.196
51.581
70.292
101.171
166.090
19.979
26.149
227.195
223.139
12.529
12.525
14.540
12.654
12.784
14.660
14.533
17.367
15.128
14.760
16.784
16.399
15.786
19.413
12.720
13.016
12.478
13.172
15.350
16.413
12.988
12.686
12.904
13.109
13.633
12.994
13.766
15.400
15.440
13.339
13.119
13.491
13.298
13.780
13.832
14.244
14.152
13.388
13.841
14.580
15.246
15.841
14.773
15.215
14.801
13.778
14.373
14.082
14.097
14.334
15.123
17.595
14.803
14.204
14.541
14.679
13.943
14.336
14.415
15.189
15.171
13.293
13.456
13.878
13.937
13.551
14.474
17.697
17.355
15.375
27.125
16.261
15.982
17.255
15.136
17.266
18.474
17.341
17.403
17.927
17.941
17.334
35.560
16.682
17.758
19.915
17.535
19.014
30.652
47.286
74.395
109.676
158.706
221.262
288.752
385.911
35.236
443.993
54.000
88.214
130.706
16.881
27.317
39.043
58.794
17.239
431.685
13.358
14.133
13.283
14.203
14.340
14.373
1678.040
900.099
13.519
14.779
14.931
13.549
15.700
23.541
16.219
17.850
