test_deque_assign (__main__.RegressionBase) ... ok
test_deque_assign_bug (__main__.RegressionBase) ... ok
test_deque_at (__main__.RegressionBase) ... ok
test_deque_at_bug (__main__.RegressionBase) ... ok
test_deque_back (__main__.RegressionBase) ... ok
test_deque_back_bug (__main__.RegressionBase) ... ok
test_deque_begin (__main__.RegressionBase) ... ok
test_deque_begin_bug (__main__.RegressionBase) ... ok
test_deque_clear (__main__.RegressionBase) ... ok
test_deque_clear_bug (__main__.RegressionBase) ... ok
test_deque_constructor (__main__.RegressionBase) ... ok
test_deque_constructor_bug (__main__.RegressionBase) ... ok
test_deque_empty (__main__.RegressionBase) ... ok
test_deque_empty_bug (__main__.RegressionBase) ... ok
test_deque_end (__main__.RegressionBase) ... ok
test_deque_end_bug (__main__.RegressionBase) ... ok
test_deque_erase (__main__.RegressionBase) ... ok
test_deque_erase_bug (__main__.RegressionBase) ... ok
test_deque_front (__main__.RegressionBase) ... ok
test_deque_front_bug (__main__.RegressionBase) ... ok
test_deque_insert (__main__.RegressionBase) ... ok
test_deque_insert_bug (__main__.RegressionBase) ... ok
test_deque_operator_assign (__main__.RegressionBase) ... ok
test_deque_operator_assign_bug (__main__.RegressionBase) ... ok
test_deque_operator_brackets (__main__.RegressionBase) ... ok
test_deque_operator_brackets_bug (__main__.RegressionBase) ... ok
test_deque_overflow (__main__.RegressionBase) ... ok
test_deque_pop_back (__main__.RegressionBase) ... ok
test_deque_pop_back_bug (__main__.RegressionBase) ... ok
test_deque_pop_front (__main__.RegressionBase) ... ok
test_deque_pop_front_bug (__main__.RegressionBase) ... ok
test_deque_push_back (__main__.RegressionBase) ... ok
test_deque_push_back_bug (__main__.RegressionBase) ... ok
test_deque_rbegin (__main__.RegressionBase) ... FAIL
test_deque_rbegin_bug (__main__.RegressionBase) ... ok
test_deque_rend (__main__.RegressionBase) ... FAIL
test_deque_rend_bug (__main__.RegressionBase) ... ok
test_deque_resize (__main__.RegressionBase) ... ok
test_deque_resize_bug (__main__.RegressionBase) ... ok
test_deque_size (__main__.RegressionBase) ... ok
test_deque_size_bug (__main__.RegressionBase) ... ok
test_deque_swap (__main__.RegressionBase) ... ok
test_deque_swap_bug (__main__.RegressionBase) ... ok

======================================================================
FAIL: test_deque_rbegin (__main__.RegressionBase)
----------------------------------------------------------------------
Traceback (most recent call last):
  File "testing_tool_old.py", line 344, in test
    self.fail(error_message_prefix + error_message)
AssertionError: 
TEST: esbmc-cpp/deque/deque_rbegin
EXPECTED TO FIND: ['^VERIFICATION SUCCESSFUL$']

PROGRAM OUTPUT
ESBMC version 2.1.0 64-bit x86_64 linux
file esbmc-cpp/deque/deque_rbegin/main.cpp: Parsing
Converting
Type-checking esbmc-cpp/deque/deque_rbegin/main.cpp
Generating GOTO Program
GOTO program creation time: 13.976s
GOTO program processing time: 0.319s
Starting Bounded Model Checking
Unwinding loop 202 iteration 1 file /home/kunjian/library/deque line 567
Unwinding loop 202 iteration 2 file /home/kunjian/library/deque line 567
Unwinding loop 202 iteration 3 file /home/kunjian/library/deque line 567
Unwinding loop 202 iteration 4 file /home/kunjian/library/deque line 567
Unwinding loop 202 iteration 5 file /home/kunjian/library/deque line 567
Unwinding loop 202 iteration 6 file /home/kunjian/library/deque line 567
Unwinding loop 202 iteration 7 file /home/kunjian/library/deque line 567
Unwinding loop 202 iteration 8 file /home/kunjian/library/deque line 567
Unwinding loop 202 iteration 9 file /home/kunjian/library/deque line 567
Unwinding loop 202 iteration 10 file /home/kunjian/library/deque line 567
Unwinding loop 203 iteration 1 file esbmc-cpp/deque/deque_rbegin/main.cpp line 12
Unwinding loop 202 iteration 1 file /home/kunjian/library/deque line 567
Unwinding loop 202 iteration 2 file /home/kunjian/library/deque line 567
Unwinding loop 202 iteration 3 file /home/kunjian/library/deque line 567
Unwinding loop 202 iteration 4 file /home/kunjian/library/deque line 567
Unwinding loop 202 iteration 5 file /home/kunjian/library/deque line 567
Unwinding loop 202 iteration 6 file /home/kunjian/library/deque line 567
Unwinding loop 202 iteration 7 file /home/kunjian/library/deque line 567
Unwinding loop 202 iteration 8 file /home/kunjian/library/deque line 567
Unwinding loop 202 iteration 9 file /home/kunjian/library/deque line 567
Unwinding loop 202 iteration 10 file /home/kunjian/library/deque line 567
Unwinding loop 203 iteration 2 file esbmc-cpp/deque/deque_rbegin/main.cpp line 12
Unwinding loop 202 iteration 1 file /home/kunjian/library/deque line 567
Unwinding loop 202 iteration 2 file /home/kunjian/library/deque line 567
Unwinding loop 202 iteration 3 file /home/kunjian/library/deque line 567
Unwinding loop 202 iteration 4 file /home/kunjian/library/deque line 567
Unwinding loop 202 iteration 5 file /home/kunjian/library/deque line 567
Unwinding loop 202 iteration 6 file /home/kunjian/library/deque line 567
Unwinding loop 202 iteration 7 file /home/kunjian/library/deque line 567
Unwinding loop 202 iteration 8 file /home/kunjian/library/deque line 567
Unwinding loop 202 iteration 9 file /home/kunjian/library/deque line 567
Unwinding loop 202 iteration 10 file /home/kunjian/library/deque line 567
Unwinding loop 203 iteration 3 file esbmc-cpp/deque/deque_rbegin/main.cpp line 12
Unwinding loop 202 iteration 1 file /home/kunjian/library/deque line 567
Unwinding loop 202 iteration 2 file /home/kunjian/library/deque line 567
Unwinding loop 202 iteration 3 file /home/kunjian/library/deque line 567
Unwinding loop 202 iteration 4 file /home/kunjian/library/deque line 567
Unwinding loop 202 iteration 5 file /home/kunjian/library/deque line 567
Unwinding loop 202 iteration 6 file /home/kunjian/library/deque line 567
Unwinding loop 202 iteration 7 file /home/kunjian/library/deque line 567
Unwinding loop 202 iteration 8 file /home/kunjian/library/deque line 567
Unwinding loop 202 iteration 9 file /home/kunjian/library/deque line 567
Unwinding loop 202 iteration 10 file /home/kunjian/library/deque line 567
Unwinding loop 203 iteration 4 file esbmc-cpp/deque/deque_rbegin/main.cpp line 12
Unwinding loop 202 iteration 1 file /home/kunjian/library/deque line 567
Unwinding loop 202 iteration 2 file /home/kunjian/library/deque line 567
Unwinding loop 202 iteration 3 file /home/kunjian/library/deque line 567
Unwinding loop 202 iteration 4 file /home/kunjian/library/deque line 567
Unwinding loop 202 iteration 5 file /home/kunjian/library/deque line 567
Unwinding loop 202 iteration 6 file /home/kunjian/library/deque line 567
Unwinding loop 202 iteration 7 file /home/kunjian/library/deque line 567
Unwinding loop 202 iteration 8 file /home/kunjian/library/deque line 567
Unwinding loop 202 iteration 9 file /home/kunjian/library/deque line 567
Unwinding loop 202 iteration 10 file /home/kunjian/library/deque line 567
Unwinding loop 203 iteration 5 file esbmc-cpp/deque/deque_rbegin/main.cpp line 12
Unwinding loop 204 iteration 1 file esbmc-cpp/deque/deque_rbegin/main.cpp line 18
Unwinding loop 204 iteration 2 file esbmc-cpp/deque/deque_rbegin/main.cpp line 18
Unwinding loop 204 iteration 3 file esbmc-cpp/deque/deque_rbegin/main.cpp line 18
Unwinding loop 204 iteration 4 file esbmc-cpp/deque/deque_rbegin/main.cpp line 18
Unwinding loop 204 iteration 5 file esbmc-cpp/deque/deque_rbegin/main.cpp line 18
Unwinding loop 204 iteration 6 file esbmc-cpp/deque/deque_rbegin/main.cpp line 18
Unwinding loop 204 iteration 7 file esbmc-cpp/deque/deque_rbegin/main.cpp line 18
Unwinding loop 204 iteration 8 file esbmc-cpp/deque/deque_rbegin/main.cpp line 18
Unwinding loop 204 iteration 9 file esbmc-cpp/deque/deque_rbegin/main.cpp line 18
Unwinding loop 204 iteration 10 file esbmc-cpp/deque/deque_rbegin/main.cpp line 18
Symex completed in: 0.197s
size of program expression: 1461 assignments
Slicing time: 0.047s
Generated 783 VCC(s), 88 remaining after simplification
Encoding remaining VCC(s) using bit-vector arithmetic
Encoding to solver time: 0.018s
Solving with solver Boolector
Runtime decision procedure: 0.008s
Building error trace

Counterexample:

State 1 file <built-in> line 12 thread 0
c::#ini#esbmc-cpp/deque/deque_rbegin/main.cpp at  line 
----------------------------------------------------
  __ESBMC_is_dynamic={ nil, nil, 0, nil, nil, nil, nil, nil, nil, nil, nil, nil, nil, nil, nil, nil, nil, nil, nil, nil, nil, nil, nil, nil, nil, nil, nil, nil, nil, nil, nil, nil, nil, nil, nil, nil, nil, nil, nil, nil, nil, nil, nil, nil, nil, nil, nil, nil, nil, nil, nil, nil, nil, nil, nil, nil, nil, nil, nil, nil, nil, nil, nil, nil, nil, nil, nil, nil, nil, nil, nil, nil, nil, nil, nil, nil, nil, nil, nil, nil, nil, nil, nil, nil, nil, nil, nil, nil, nil, nil, nil, nil, nil, nil, nil, nil, nil, nil, nil, nil, nil, nil, nil, nil, nil, nil, nil, nil, nil, nil, nil, nil, nil, nil, nil, nil, nil, nil, nil, nil, nil, nil, nil, nil, nil, nil, nil, nil, nil, nil, nil, nil, nil, nil, nil, nil, nil, nil, nil, nil, nil, nil, nil, nil, nil, nil, nil, nil, nil, nil, nil, nil, nil, nil, nil, nil, nil, nil, nil, nil, nil, nil, nil, nil, nil, nil, nil, nil, nil, nil, nil, nil, nil, nil, nil, nil, nil, nil, nil, nil, nil, nil, nil, nil, nil, nil, nil, nil, nil, nil, nil, nil, nil, nil, nil, nil, nil, nil, nil, nil, nil, nil, nil, nil, nil, nil, nil, nil, nil, nil, nil, nil, nil, nil, nil, nil, nil, nil, nil, nil, nil, nil, nil, nil, nil, nil, nil, nil, nil, nil, nil, nil, nil, nil, nil, nil, nil, nil, nil, nil, nil, nil, nil, nil, nil, nil, nil, nil, nil, nil, nil, nil, nil, nil, nil, nil, nil, nil, nil, nil, nil, nil, nil, nil, nil, nil, nil, nil, nil, nil, nil, nil, nil, nil, nil, nil, nil, nil, nil, nil, nil, nil, nil, nil, nil, nil, nil, nil, nil, nil, nil, nil, nil, nil, nil, nil, nil, nil, nil, nil, nil, nil, nil, nil, nil, nil, nil, nil, nil, nil, nil, nil, nil, nil, nil, nil, nil, nil, nil, nil, nil, nil, nil, nil, nil, nil, nil, nil, nil, nil, nil, nil, nil, nil, nil, nil, nil, nil, nil, nil, nil, nil, nil, nil, nil, nil, nil, nil, nil, nil, nil, nil, nil, nil, nil, nil, nil, nil, nil, nil, nil, nil, nil, nil, nil, nil, nil, nil, nil, nil, nil, nil, nil, nil, nil, nil, nil, nil, nil, nil, nil, nil, nil, nil, nil, nil, nil, nil, nil, nil, nil, nil, nil, nil, nil, nil, nil, nil, nil, nil, nil, nil, nil, nil, nil, nil, nil, nil, nil, nil, nil, nil, nil, nil, nil, nil, nil, nil, nil, nil, nil, nil, nil, nil, nil, nil, nil, nil, nil, nil, nil, nil, nil, nil, nil, nil, nil, nil, nil, nil, nil, nil, nil, nil, nil, nil, nil, nil, nil, nil, nil, nil, nil, nil, nil, nil, nil, nil, nil, nil, nil, nil, nil, nil, nil, nil, nil, nil, nil, nil, nil, nil, nil, nil, nil, nil, nil, nil, nil, nil, nil, nil, nil, nil, nil, nil, nil, nil, nil, nil, nil, nil, nil, nil, nil, nil, nil, nil, nil, nil, nil, nil, nil, nil, nil, nil, nil, nil, nil, nil, nil, nil, nil, nil, nil, nil, nil, nil, nil, nil, nil, nil, nil, nil, nil, nil, nil, nil, nil, nil, nil, nil, nil, nil, nil, nil, nil, nil, nil, nil, nil, nil, nil, nil, nil, nil, nil, nil, nil, nil, nil, nil, nil, nil, nil, nil, nil, nil, nil, nil, nil, nil, nil, nil, nil, nil, nil, nil, nil, nil, nil, nil, nil, nil, nil, nil, nil, nil, nil, nil, nil, nil, nil, nil, nil, nil, nil, nil, nil, nil, nil, nil, nil, nil, nil, nil, nil, nil, nil, nil, nil, nil, nil, nil, nil, nil, nil, nil, nil, nil, nil, nil, nil, nil, nil, nil, nil, nil, nil, nil, nil, nil, nil, nil, nil, nil, nil, nil, nil, nil, nil, nil, nil, nil, nil, nil, nil, nil, nil, nil, nil, nil, nil, nil, nil, nil, nil, nil, nil, nil, nil, nil, nil, nil, nil, nil, nil, nil, nil, nil, nil, nil, nil, nil, nil, nil, nil, nil, nil, nil, nil, nil, nil, nil, nil, nil, nil, nil, nil, nil, nil, nil, nil, nil, nil, nil, nil, nil, nil, nil, nil, nil, nil, nil, nil, nil, nil, nil, nil, nil, nil, nil, nil, nil, nil, nil, nil, nil, nil, nil, nil, nil, nil, nil, nil, nil, nil, nil, nil, nil, nil, nil, nil, nil, nil, nil, nil, nil, nil, nil, nil, nil, nil, nil, nil, nil, nil, nil, nil, nil, nil, nil, nil, nil, nil, nil, nil, nil, nil, nil, nil, nil, nil, nil, nil, nil, nil, nil, nil, nil, nil, nil, nil, nil, nil, nil, nil, nil, nil, nil, nil, nil, nil, nil, nil, nil, nil, nil, nil, nil, nil, nil, nil, nil, nil, nil, nil, nil, nil, nil, nil, nil, nil, nil, nil, nil, nil, nil, nil, nil, nil, nil, nil, nil, nil, nil, nil, nil, nil, nil, nil, nil, nil, nil, nil, nil, nil, nil, nil, nil, nil, nil, nil, nil, nil, nil, nil, nil, nil, nil, nil, nil, nil, nil, nil, nil, nil, nil, nil, nil, nil, nil, nil, nil, nil, nil, nil, nil, nil, nil, nil, nil, nil, nil, nil, nil, nil, nil, nil, nil, nil, nil, nil, nil, nil, nil, nil, nil, nil, nil, nil, nil, nil, nil, nil, nil, nil, nil, nil, nil, nil, nil, nil, nil, nil, nil, nil, nil, nil, nil, nil, nil, nil, nil, nil, nil, nil, nil, nil, nil, nil, nil, nil, nil, nil, nil, nil, nil, nil, nil, nil, nil, nil, nil, nil, nil, nil, nil, nil, nil, nil, nil, nil, nil, nil, nil, nil, nil, nil, nil, nil, nil, nil, nil, nil, nil, nil, nil, nil, nil, nil, nil, nil, nil, nil, nil, nil, nil, nil, nil, nil, nil, nil, nil, nil, nil, nil, nil, nil, nil, nil, nil, nil, nil, nil, nil, nil, nil, nil, nil, nil, nil, nil, nil, nil, nil, nil, nil, nil, nil, nil, nil, nil, nil, nil, nil, nil, nil, nil, nil, nil, nil, nil, nil, nil, nil, nil, nil, nil, nil, nil, nil, nil, nil, nil, nil, nil, nil, nil, nil, nil, nil, nil, nil, nil, nil, nil, nil, nil, nil, nil, nil, nil, nil }

State 2 file <built-in> line 9 thread 0
c::#ini#esbmc-cpp/deque/deque_rbegin/main.cpp at  line 
----------------------------------------------------
  __ESBMC_alloc={ nil, nil, 0, nil, nil, nil, nil, nil, nil, nil, nil, nil, nil, nil, nil, nil, nil, nil, nil, nil, nil, nil, nil, nil, nil, nil, nil, nil, nil, nil, nil, nil, nil, nil, nil, nil, nil, nil, nil, nil, nil, nil, nil, nil, nil, nil, nil, nil, nil, nil, nil, nil, nil, nil, nil, nil, nil, nil, nil, nil, nil, nil, nil, nil, nil, nil, nil, nil, nil, nil, nil, nil, nil, nil, nil, nil, nil, nil, nil, nil, nil, nil, nil, nil, nil, nil, nil, nil, nil, nil, nil, nil, nil, nil, nil, nil, nil, nil, nil, nil, nil, nil, nil, nil, nil, nil, nil, nil, nil, nil, nil, nil, nil, nil, nil, nil, nil, nil, nil, nil, nil, nil, nil, nil, nil, nil, nil, nil, nil, nil, nil, nil, nil, nil, nil, nil, nil, nil, nil, nil, nil, nil, nil, nil, nil, nil, nil, nil, nil, nil, nil, nil, nil, nil, nil, nil, nil, nil, nil, nil, nil, nil, nil, nil, nil, nil, nil, nil, nil, nil, nil, nil, nil, nil, nil, nil, nil, nil, nil, nil, nil, nil, nil, nil, nil, nil, nil, nil, nil, nil, nil, nil, nil, nil, nil, nil, nil, nil, nil, nil, nil, nil, nil, nil, nil, nil, nil, nil, nil, nil, nil, nil, nil, nil, nil, nil, nil, nil, nil, nil, nil, nil, nil, nil, nil, nil, nil, nil, nil, nil, nil, nil, nil, nil, nil, nil, nil, nil, nil, nil, nil, nil, nil, nil, nil, nil, nil, nil, nil, nil, nil, nil, nil, nil, nil, nil, nil, nil, nil, nil, nil, nil, nil, nil, nil, nil, nil, nil, nil, nil, nil, nil, nil, nil, nil, nil, nil, nil, nil, nil, nil, nil, nil, nil, nil, nil, nil, nil, nil, nil, nil, nil, nil, nil, nil, nil, nil, nil, nil, nil, nil, nil, nil, nil, nil, nil, nil, nil, nil, nil, nil, nil, nil, nil, nil, nil, nil, nil, nil, nil, nil, nil, nil, nil, nil, nil, nil, nil, nil, nil, nil, nil, nil, nil, nil, nil, nil, nil, nil, nil, nil, nil, nil, nil, nil, nil, nil, nil, nil, nil, nil, nil, nil, nil, nil, nil, nil, nil, nil, nil, nil, nil, nil, nil, nil, nil, nil, nil, nil, nil, nil, nil, nil, nil, nil, nil, nil, nil, nil, nil, nil, nil, nil, nil, nil, nil, nil, nil, nil, nil, nil, nil, nil, nil, nil, nil, nil, nil, nil, nil, nil, nil, nil, nil, nil, nil, nil, nil, nil, nil, nil, nil, nil, nil, nil, nil, nil, nil, nil, nil, nil, nil, nil, nil, nil, nil, nil, nil, nil, nil, nil, nil, nil, nil, nil, nil, nil, nil, nil, nil, nil, nil, nil, nil, nil, nil, nil, nil, nil, nil, nil, nil, nil, nil, nil, nil, nil, nil, nil, nil, nil, nil, nil, nil, nil, nil, nil, nil, nil, nil, nil, nil, nil, nil, nil, nil, nil, nil, nil, nil, nil, nil, nil, nil, nil, nil, nil, nil, nil, nil, nil, nil, nil, nil, nil, nil, nil, nil, nil, nil, nil, nil, nil, nil, nil, nil, nil, nil, nil, nil, nil, nil, nil, nil, nil, nil, nil, nil, nil, nil, nil, nil, nil, nil, nil, nil, nil, nil, nil, nil, nil, nil, nil, nil, nil, nil, nil, nil, nil, nil, nil, nil, nil, nil, nil, nil, nil, nil, nil, nil, nil, nil, nil, nil, nil, nil, nil, nil, nil, nil, nil, nil, nil, nil, nil, nil, nil, nil, nil, nil, nil, nil, nil, nil, nil, nil, nil, nil, nil, nil, nil, nil, nil, nil, nil, nil, nil, nil, nil, nil, nil, nil, nil, nil, nil, nil, nil, nil, nil, nil, nil, nil, nil, nil, nil, nil, nil, nil, nil, nil, nil, nil, nil, nil, nil, nil, nil, nil, nil, nil, nil, nil, nil, nil, nil, nil, nil, nil, nil, nil, nil, nil, nil, nil, nil, nil, nil, nil, nil, nil, nil, nil, nil, nil, nil, nil, nil, nil, nil, nil, nil, nil, nil, nil, nil, nil, nil, nil, nil, nil, nil, nil, nil, nil, nil, nil, nil, nil, nil, nil, nil, nil, nil, nil, nil, nil, nil, nil, nil, nil, nil, nil, nil, nil, nil, nil, nil, nil, nil, nil, nil, nil, nil, nil, nil, nil, nil, nil, nil, nil, nil, nil, nil, nil, nil, nil, nil, nil, nil, nil, nil, nil, nil, nil, nil, nil, nil, nil, nil, nil, nil, nil, nil, nil, nil, nil, nil, nil, nil, nil, nil, nil, nil, nil, nil, nil, nil, nil, nil, nil, nil, nil, nil, nil, nil, nil, nil, nil, nil, nil, nil, nil, nil, nil, nil, nil, nil, nil, nil, nil, nil, nil, nil, nil, nil, nil, nil, nil, nil, nil, nil, nil, nil, nil, nil, nil, nil, nil, nil, nil, nil, nil, nil, nil, nil, nil, nil, nil, nil, nil, nil, nil, nil, nil, nil, nil, nil, nil, nil, nil, nil, nil, nil, nil, nil, nil, nil, nil, nil, nil, nil, nil, nil, nil, nil, nil, nil, nil, nil, nil, nil, nil, nil, nil, nil, nil, nil, nil, nil, nil, nil, nil, nil, nil, nil, nil, nil, nil, nil, nil, nil, nil, nil, nil, nil, nil, nil, nil, nil, nil, nil, nil, nil, nil, nil, nil, nil, nil, nil, nil, nil, nil, nil, nil, nil, nil, nil, nil, nil, nil, nil, nil, nil, nil, nil, nil, nil, nil, nil, nil, nil, nil, nil, nil, nil, nil, nil, nil, nil, nil, nil, nil, nil, nil, nil, nil, nil, nil, nil, nil, nil, nil, nil, nil, nil, nil, nil, nil, nil, nil, nil, nil, nil, nil, nil, nil, nil, nil, nil, nil, nil, nil, nil, nil, nil, nil, nil, nil, nil, nil, nil, nil, nil, nil, nil, nil, nil, nil, nil, nil, nil, nil, nil, nil, nil, nil, nil, nil, nil, nil, nil, nil, nil, nil, nil, nil, nil, nil, nil, nil, nil, nil, nil, nil, nil, nil, nil, nil, nil, nil, nil, nil, nil, nil, nil, nil, nil, nil, nil, nil, nil, nil, nil, nil, nil, nil, nil, nil, nil, nil, nil, nil, nil, nil, nil, nil, nil, nil, nil, nil, nil, nil, nil, nil, nil, nil, nil, nil, nil, nil, nil, nil, nil, nil, nil, nil, nil, nil, nil, nil, nil, nil, nil, nil }

State 3 file /home/kunjian/library/deque line 306 thread 0
<main invocation>
----------------------------------------------------
  main::c::main::1::mydeque={ .cpp::std::<signed_int>deque::buf=nil, .cpp::std::<signed_int>deque::_size=0,
    .cpp::std::<signed_int>deque::_capacity=0 }

State 4 file /home/kunjian/library/deque line 306 thread 0
<main invocation>
----------------------------------------------------
  main::c::main::1::mydeque={ .cpp::std::<signed_int>deque::buf=nil, .cpp::std::<signed_int>deque::_size=0,
    .cpp::std::<signed_int>deque::_capacity=1 }

State 5 file /home/kunjian/library/deque line 308 thread 0
<main invocation>
----------------------------------------------------
  main::c::main::1::mydeque={ .cpp::std::<signed_int>deque::buf=nil, .cpp::std::<signed_int>deque::_size=0,
    .cpp::std::<signed_int>deque::_capacity=1 }

State 6 file /home/kunjian/library/deque line 309 thread 0
<main invocation>
----------------------------------------------------
  main::c::main::1::mydeque={ .cpp::std::<signed_int>deque::buf=nil, .cpp::std::<signed_int>deque::_size=0,
    .cpp::std::<signed_int>deque::_capacity=1 }

State 7 file /home/kunjian/library/deque line 310 thread 0
<main invocation>
----------------------------------------------------
  main::c::main::1::mydeque={ .cpp::std::<signed_int>deque::buf=nil, .cpp::std::<signed_int>deque::_size=0,
    .cpp::std::<signed_int>deque::_capacity=1 }

State 8 file /home/kunjian/library/deque line 311 thread 0
<main invocation>
----------------------------------------------------
  main::c::main::1::mydeque={ .cpp::std::<signed_int>deque::buf=nil, .cpp::std::<signed_int>deque::_size=0,
    .cpp::std::<signed_int>deque::_capacity=1 }

State 11 file /home/kunjian/library/deque line 554 thread 0
<main invocation>
----------------------------------------------------
  main::c::main::1::mydeque={ .cpp::std::<signed_int>deque::buf=nil, .cpp::std::<signed_int>deque::_size=1,
    .cpp::std::<signed_int>deque::_capacity=1 }

State 15 file /home/kunjian/library/deque line 555 thread 0
<main invocation>
----------------------------------------------------
  main::c::main::1::mydeque={ .cpp::std::<signed_int>deque::buf=nil, .cpp::std::<signed_int>deque::_size=1,
    .cpp::std::<signed_int>deque::_capacity=1 }

State 16 file /home/kunjian/library/deque line 567 thread 0
<main invocation>
----------------------------------------------------
  main::c::main::1::mydeque={ .cpp::std::<signed_int>deque::buf=nil, .cpp::std::<signed_int>deque::_size=1,
    .cpp::std::<signed_int>deque::_capacity=2 }

State 19 file /home/kunjian/library/deque line 554 thread 0
<main invocation>
----------------------------------------------------
  main::c::main::1::mydeque={ .cpp::std::<signed_int>deque::buf=nil, .cpp::std::<signed_int>deque::_size=2,
    .cpp::std::<signed_int>deque::_capacity=2 }

State 23 file /home/kunjian/library/deque line 555 thread 0
<main invocation>
----------------------------------------------------
  main::c::main::1::mydeque={ .cpp::std::<signed_int>deque::buf=nil, .cpp::std::<signed_int>deque::_size=2,
    .cpp::std::<signed_int>deque::_capacity=2 }

State 24 file /home/kunjian/library/deque line 567 thread 0
<main invocation>
----------------------------------------------------
  main::c::main::1::mydeque={ .cpp::std::<signed_int>deque::buf=nil, .cpp::std::<signed_int>deque::_size=2,
    .cpp::std::<signed_int>deque::_capacity=4 }

State 27 file /home/kunjian/library/deque line 554 thread 0
<main invocation>
----------------------------------------------------
  main::c::main::1::mydeque={ .cpp::std::<signed_int>deque::buf=nil, .cpp::std::<signed_int>deque::_size=3,
    .cpp::std::<signed_int>deque::_capacity=4 }

State 31 file /home/kunjian/library/deque line 555 thread 0
<main invocation>
----------------------------------------------------
  main::c::main::1::mydeque={ .cpp::std::<signed_int>deque::buf=nil, .cpp::std::<signed_int>deque::_size=3,
    .cpp::std::<signed_int>deque::_capacity=4 }

State 34 file /home/kunjian/library/deque line 554 thread 0
<main invocation>
----------------------------------------------------
  main::c::main::1::mydeque={ .cpp::std::<signed_int>deque::buf=nil, .cpp::std::<signed_int>deque::_size=4,
    .cpp::std::<signed_int>deque::_capacity=4 }

State 38 file /home/kunjian/library/deque line 555 thread 0
<main invocation>
----------------------------------------------------
  main::c::main::1::mydeque={ .cpp::std::<signed_int>deque::buf=nil, .cpp::std::<signed_int>deque::_size=4,
    .cpp::std::<signed_int>deque::_capacity=4 }

State 39 file /home/kunjian/library/deque line 567 thread 0
<main invocation>
----------------------------------------------------
  main::c::main::1::mydeque={ .cpp::std::<signed_int>deque::buf=nil, .cpp::std::<signed_int>deque::_size=4,
    .cpp::std::<signed_int>deque::_capacity=8 }

State 42 file /home/kunjian/library/deque line 554 thread 0
<main invocation>
----------------------------------------------------
  main::c::main::1::mydeque={ .cpp::std::<signed_int>deque::buf=nil, .cpp::std::<signed_int>deque::_size=5,
    .cpp::std::<signed_int>deque::_capacity=8 }

State 46 file /home/kunjian/library/deque line 555 thread 0
<main invocation>
----------------------------------------------------
  main::c::main::1::mydeque={ .cpp::std::<signed_int>deque::buf=nil, .cpp::std::<signed_int>deque::_size=5,
    .cpp::std::<signed_int>deque::_capacity=8 }

State 47 file /home/kunjian/library/deque line 432 thread 0
<main invocation>
----------------------------------------------------
  std::<signed_int>deque::rbegin(this)::cpp::std::<signed_int>deque::rbegin(this)::1::buffer={ .cpp::std::<signed_int>deque::reverse_iterator::pointer=&mydeque@1!0.cpp::std::<signed_int>deque::buf[4],
    .cpp::std::<signed_int>deque::reverse_iterator::pos=0,
    .cpp::std::<signed_int>deque::reverse_iterator::vec_pos={ .pointer_object=nil, .pointer_offset=nil } }

State 48 file /home/kunjian/library/deque line 433 thread 0
<main invocation>
----------------------------------------------------
  std::<signed_int>deque::rbegin(this)::cpp::std::<signed_int>deque::rbegin(this)::1::buffer={ .cpp::std::<signed_int>deque::reverse_iterator::pointer=&mydeque@1!0.cpp::std::<signed_int>deque::buf[4],
    .cpp::std::<signed_int>deque::reverse_iterator::pos=5,
    .cpp::std::<signed_int>deque::reverse_iterator::vec_pos={ .pointer_object=nil, .pointer_offset=nil } }

State 49 file /home/kunjian/library/deque line 434 thread 0
<main invocation>
----------------------------------------------------
  std::<signed_int>deque::rbegin(this)::cpp::std::<signed_int>deque::rbegin(this)::1::buffer={ .cpp::std::<signed_int>deque::reverse_iterator::pointer=&mydeque@1!0.cpp::std::<signed_int>deque::buf[4],
    .cpp::std::<signed_int>deque::reverse_iterator::pos=5,
    .cpp::std::<signed_int>deque::reverse_iterator::vec_pos=&mydeque@1!0 }

State 50 file /home/kunjian/library/deque line 435 thread 0
<main invocation>
----------------------------------------------------
  c::main::$tmp::return_value_rbegin$3={ .cpp::std::<signed_int>deque::reverse_iterator::pointer=&mydeque@1!0.cpp::std::<signed_int>deque::buf[4],
    .cpp::std::<signed_int>deque::reverse_iterator::pos=5,
    .cpp::std::<signed_int>deque::reverse_iterator::vec_pos=&mydeque@1!0 }

State 51 file /home/kunjian/library/deque line 214 thread 0
<main invocation>
----------------------------------------------------
  c::main::$tmp::tmp$2={ .cpp::std::<signed_int>deque::reverse_iterator::pointer=&mydeque@1!0.cpp::std::<signed_int>deque::buf[4],
    .cpp::std::<signed_int>deque::reverse_iterator::pos=0,
    .cpp::std::<signed_int>deque::reverse_iterator::vec_pos={ .pointer_object=nil, .pointer_offset=nil } }

State 52 file /home/kunjian/library/deque line 215 thread 0
<main invocation>
----------------------------------------------------
  c::main::$tmp::tmp$2={ .cpp::std::<signed_int>deque::reverse_iterator::pointer=&mydeque@1!0.cpp::std::<signed_int>deque::buf[4],
    .cpp::std::<signed_int>deque::reverse_iterator::pos=5,
    .cpp::std::<signed_int>deque::reverse_iterator::vec_pos={ .pointer_object=nil, .pointer_offset=nil } }

State 53 file /home/kunjian/library/deque line 216 thread 0
<main invocation>
----------------------------------------------------
  c::main::$tmp::tmp$2={ .cpp::std::<signed_int>deque::reverse_iterator::pointer=&mydeque@1!0.cpp::std::<signed_int>deque::buf[4],
    .cpp::std::<signed_int>deque::reverse_iterator::pos=5,
    .cpp::std::<signed_int>deque::reverse_iterator::vec_pos=&mydeque@1!0 }

State 54 file /home/kunjian/library/deque line 222 thread 0
<main invocation>
----------------------------------------------------
  main::c::main::1::rit={ .cpp::std::<signed_int>deque::reverse_iterator::pointer=&mydeque@1!0.cpp::std::<signed_int>deque::buf[4],
    .cpp::std::<signed_int>deque::reverse_iterator::pos=0,
    .cpp::std::<signed_int>deque::reverse_iterator::vec_pos={ .pointer_object=nil, .pointer_offset=nil } }

State 55 file /home/kunjian/library/deque line 223 thread 0
<main invocation>
----------------------------------------------------
  main::c::main::1::rit={ .cpp::std::<signed_int>deque::reverse_iterator::pointer=&mydeque@1!0.cpp::std::<signed_int>deque::buf[4],
    .cpp::std::<signed_int>deque::reverse_iterator::pos=5,
    .cpp::std::<signed_int>deque::reverse_iterator::vec_pos={ .pointer_object=nil, .pointer_offset=nil } }

State 56 file /home/kunjian/library/deque line 224 thread 0
<main invocation>
----------------------------------------------------
  main::c::main::1::rit={ .cpp::std::<signed_int>deque::reverse_iterator::pointer=&mydeque@1!0.cpp::std::<signed_int>deque::buf[4],
    .cpp::std::<signed_int>deque::reverse_iterator::pos=5,
    .cpp::std::<signed_int>deque::reverse_iterator::vec_pos=&mydeque@1!0 }

State 57 file /home/kunjian/library/deque line 231 thread 0
<main invocation>
----------------------------------------------------
  c::main::$tmp::return_value_operator*$5=&mydeque@1!0.cpp::std::<signed_int>deque::buf[4]

State 61 file /home/kunjian/library/deque line 440 thread 0
<main invocation>
----------------------------------------------------
  main::c::main::1::mydeque={ .cpp::std::<signed_int>deque::buf=nil, .cpp::std::<signed_int>deque::_size=5,
    .cpp::std::<signed_int>deque::_capacity=8 }

State 63 file /home/kunjian/library/deque line 231 thread 0
<main invocation>
----------------------------------------------------
  c::main::$tmp::return_value_operator*$10=&mydeque@1!0.cpp::std::<signed_int>deque::buf[4]

State 66 file /home/kunjian/library/deque line 231 thread 0
<main invocation>
----------------------------------------------------
  c::main::$tmp::return_value_operator*$12=&mydeque@1!0.cpp::std::<signed_int>deque::buf[4]

State 72 file /home/kunjian/library/deque line 440 thread 0
<main invocation>
----------------------------------------------------
  main::c::main::1::mydeque={ .cpp::std::<signed_int>deque::buf=nil, .cpp::std::<signed_int>deque::_size=5,
    .cpp::std::<signed_int>deque::_capacity=8 }

State 74 file /home/kunjian/library/deque line 231 thread 0
<main invocation>
----------------------------------------------------
  c::main::$tmp::return_value_operator*$10=&mydeque@1!0.cpp::std::<signed_int>deque::buf[4]

State 77 file /home/kunjian/library/deque line 231 thread 0
<main invocation>
----------------------------------------------------
  c::main::$tmp::return_value_operator*$12=&mydeque@1!0.cpp::std::<signed_int>deque::buf[4]

State 80 file esbmc-cpp/deque/deque_rbegin/main.cpp line 21 thread 0
<main invocation>
----------------------------------------------------
Violated property:
  file esbmc-cpp/deque/deque_rbegin/main.cpp line 21
  assertion
  *return_value_operator*$12 == n

VERIFICATION FAILED
No solver specified; defaulting to Boolector
**** WARNING: no body for function cpp::std::<signed_int>deque::reverse_iterator::operator<(const$this,ref_symbol(identifier=cpp::std::<signed_int>deque::tag.reverse_iterator,#constant=1_1))
**** WARNING: no body for function cpp::std::<signed_int>deque::reverse_iterator::operator++(this)
No solver specified; defaulting to Boolector
Fetching array elements inside tuples currently unimplemented, sorry
Fetching array elements inside tuples currently unimplemented, sorry
Fetching array elements inside tuples currently unimplemented, sorry
Fetching array elements inside tuples currently unimplemented, sorry
Fetching array elements inside tuples currently unimplemented, sorry
Fetching array elements inside tuples currently unimplemented, sorry
Fetching array elements inside tuples currently unimplemented, sorry
Fetching array elements inside tuples currently unimplemented, sorry
Fetching array elements inside tuples currently unimplemented, sorry
Fetching array elements inside tuples currently unimplemented, sorry
Fetching array elements inside tuples currently unimplemented, sorry
Fetching array elements inside tuples currently unimplemented, sorry
Fetching array elements inside tuples currently unimplemented, sorry
Fetching array elements inside tuples currently unimplemented, sorry
Fetching array elements inside tuples currently unimplemented, sorry
Fetching array elements inside tuples currently unimplemented, sorry
Fetching array elements inside tuples currently unimplemented, sorry
Fetching array elements inside tuples currently unimplemented, sorry
Fetching array elements inside tuples currently unimplemented, sorry
Fetching array elements inside tuples currently unimplemented, sorry
Fetching array elements inside tuples currently unimplemented, sorry
Fetching array elements inside tuples currently unimplemented, sorry


ARGUMENTS: ['esbmc_binary/old_v21/esbmc', 'esbmc-cpp/deque/deque_rbegin/main.cpp', '--unwind', '10', '--no-unwinding-assertions', '--memlimit', '14000000', '--timeout', '900', '-I', '/home/kunjian/library']

======================================================================
FAIL: test_deque_rend (__main__.RegressionBase)
----------------------------------------------------------------------
Traceback (most recent call last):
  File "testing_tool_old.py", line 344, in test
    self.fail(error_message_prefix + error_message)
AssertionError: 
TEST: esbmc-cpp/deque/deque_rend
EXPECTED TO FIND: ['^VERIFICATION SUCCESSFUL$']

PROGRAM OUTPUT
ESBMC version 2.1.0 64-bit x86_64 linux
file esbmc-cpp/deque/deque_rend/main.cpp: Parsing
Converting
Type-checking esbmc-cpp/deque/deque_rend/main.cpp
Generating GOTO Program
GOTO program creation time: 13.382s
GOTO program processing time: 0.319s
Starting Bounded Model Checking
Unwinding loop 202 iteration 1 file /home/kunjian/library/deque line 567
Unwinding loop 202 iteration 2 file /home/kunjian/library/deque line 567
Unwinding loop 202 iteration 3 file /home/kunjian/library/deque line 567
Unwinding loop 202 iteration 4 file /home/kunjian/library/deque line 567
Unwinding loop 202 iteration 5 file /home/kunjian/library/deque line 567
Unwinding loop 202 iteration 6 file /home/kunjian/library/deque line 567
Unwinding loop 202 iteration 7 file /home/kunjian/library/deque line 567
Unwinding loop 202 iteration 8 file /home/kunjian/library/deque line 567
Unwinding loop 202 iteration 9 file /home/kunjian/library/deque line 567
Unwinding loop 202 iteration 10 file /home/kunjian/library/deque line 567
Unwinding loop 203 iteration 1 file esbmc-cpp/deque/deque_rend/main.cpp line 12
Unwinding loop 202 iteration 1 file /home/kunjian/library/deque line 567
Unwinding loop 202 iteration 2 file /home/kunjian/library/deque line 567
Unwinding loop 202 iteration 3 file /home/kunjian/library/deque line 567
Unwinding loop 202 iteration 4 file /home/kunjian/library/deque line 567
Unwinding loop 202 iteration 5 file /home/kunjian/library/deque line 567
Unwinding loop 202 iteration 6 file /home/kunjian/library/deque line 567
Unwinding loop 202 iteration 7 file /home/kunjian/library/deque line 567
Unwinding loop 202 iteration 8 file /home/kunjian/library/deque line 567
Unwinding loop 202 iteration 9 file /home/kunjian/library/deque line 567
Unwinding loop 202 iteration 10 file /home/kunjian/library/deque line 567
Unwinding loop 203 iteration 2 file esbmc-cpp/deque/deque_rend/main.cpp line 12
Unwinding loop 202 iteration 1 file /home/kunjian/library/deque line 567
Unwinding loop 202 iteration 2 file /home/kunjian/library/deque line 567
Unwinding loop 202 iteration 3 file /home/kunjian/library/deque line 567
Unwinding loop 202 iteration 4 file /home/kunjian/library/deque line 567
Unwinding loop 202 iteration 5 file /home/kunjian/library/deque line 567
Unwinding loop 202 iteration 6 file /home/kunjian/library/deque line 567
Unwinding loop 202 iteration 7 file /home/kunjian/library/deque line 567
Unwinding loop 202 iteration 8 file /home/kunjian/library/deque line 567
Unwinding loop 202 iteration 9 file /home/kunjian/library/deque line 567
Unwinding loop 202 iteration 10 file /home/kunjian/library/deque line 567
Unwinding loop 203 iteration 3 file esbmc-cpp/deque/deque_rend/main.cpp line 12
Unwinding loop 202 iteration 1 file /home/kunjian/library/deque line 567
Unwinding loop 202 iteration 2 file /home/kunjian/library/deque line 567
Unwinding loop 202 iteration 3 file /home/kunjian/library/deque line 567
Unwinding loop 202 iteration 4 file /home/kunjian/library/deque line 567
Unwinding loop 202 iteration 5 file /home/kunjian/library/deque line 567
Unwinding loop 202 iteration 6 file /home/kunjian/library/deque line 567
Unwinding loop 202 iteration 7 file /home/kunjian/library/deque line 567
Unwinding loop 202 iteration 8 file /home/kunjian/library/deque line 567
Unwinding loop 202 iteration 9 file /home/kunjian/library/deque line 567
Unwinding loop 202 iteration 10 file /home/kunjian/library/deque line 567
Unwinding loop 203 iteration 4 file esbmc-cpp/deque/deque_rend/main.cpp line 12
Unwinding loop 202 iteration 1 file /home/kunjian/library/deque line 567
Unwinding loop 202 iteration 2 file /home/kunjian/library/deque line 567
Unwinding loop 202 iteration 3 file /home/kunjian/library/deque line 567
Unwinding loop 202 iteration 4 file /home/kunjian/library/deque line 567
Unwinding loop 202 iteration 5 file /home/kunjian/library/deque line 567
Unwinding loop 202 iteration 6 file /home/kunjian/library/deque line 567
Unwinding loop 202 iteration 7 file /home/kunjian/library/deque line 567
Unwinding loop 202 iteration 8 file /home/kunjian/library/deque line 567
Unwinding loop 202 iteration 9 file /home/kunjian/library/deque line 567
Unwinding loop 202 iteration 10 file /home/kunjian/library/deque line 567
Unwinding loop 203 iteration 5 file esbmc-cpp/deque/deque_rend/main.cpp line 12
Unwinding loop 204 iteration 1 file esbmc-cpp/deque/deque_rend/main.cpp line 18
Unwinding loop 204 iteration 2 file esbmc-cpp/deque/deque_rend/main.cpp line 18
Unwinding loop 204 iteration 3 file esbmc-cpp/deque/deque_rend/main.cpp line 18
Unwinding loop 204 iteration 4 file esbmc-cpp/deque/deque_rend/main.cpp line 18
Unwinding loop 204 iteration 5 file esbmc-cpp/deque/deque_rend/main.cpp line 18
Unwinding loop 204 iteration 6 file esbmc-cpp/deque/deque_rend/main.cpp line 18
Unwinding loop 204 iteration 7 file esbmc-cpp/deque/deque_rend/main.cpp line 18
Unwinding loop 204 iteration 8 file esbmc-cpp/deque/deque_rend/main.cpp line 18
Unwinding loop 204 iteration 9 file esbmc-cpp/deque/deque_rend/main.cpp line 18
Unwinding loop 204 iteration 10 file esbmc-cpp/deque/deque_rend/main.cpp line 18
Symex completed in: 0.207s
size of program expression: 1335 assignments
Slicing time: 0.038s
Generated 743 VCC(s), 56 remaining after simplification
Encoding remaining VCC(s) using bit-vector arithmetic
Encoding to solver time: 0.018s
Solving with solver Boolector
Runtime decision procedure: 0.010s
Building error trace

Counterexample:

State 1 file <built-in> line 12 thread 0
c::#ini#esbmc-cpp/deque/deque_rend/main.cpp at  line 
----------------------------------------------------
  __ESBMC_is_dynamic={ nil, nil, 0, nil, nil, nil, nil, nil, nil, nil, nil, nil, nil, nil, nil, nil, nil, nil, nil, nil, nil, nil, nil, nil, nil, nil, nil, nil, nil, nil, nil, nil, nil, nil, nil, nil, nil, nil, nil, nil, nil, nil, nil, nil, nil, nil, nil, nil, nil, nil, nil, nil, nil, nil, nil, nil, nil, nil, nil, nil, nil, nil, nil, nil, nil, nil, nil, nil, nil, nil, nil, nil, nil, nil, nil, nil, nil, nil, nil, nil, nil, nil, nil, nil, nil, nil, nil, nil, nil, nil, nil, nil, nil, nil, nil, nil, nil, nil, nil, nil, nil, nil, nil, nil, nil, nil, nil, nil, nil, nil, nil, nil, nil, nil, nil, nil, nil, nil, nil, nil, nil, nil, nil, nil, nil, nil, nil, nil, nil, nil, nil, nil, nil, nil, nil, nil, nil, nil, nil, nil, nil, nil, nil, nil, nil, nil, nil, nil, nil, nil, nil, nil, nil, nil, nil, nil, nil, nil, nil, nil, nil, nil, nil, nil, nil, nil, nil, nil, nil, nil, nil, nil, nil, nil, nil, nil, nil, nil, nil, nil, nil, nil, nil, nil, nil, nil, nil, nil, nil, nil, nil, nil, nil, nil, nil, nil, nil, nil, nil, nil, nil, nil, nil, nil, nil, nil, nil, nil, nil, nil, nil, nil, nil, nil, nil, nil, nil, nil, nil, nil, nil, nil, nil, nil, nil, nil, nil, nil, nil, nil, nil, nil, nil, nil, nil, nil, nil, nil, nil, nil, nil, nil, nil, nil, nil, nil, nil, nil, nil, nil, nil, nil, nil, nil, nil, nil, nil, nil, nil, nil, nil, nil, nil, nil, nil, nil, nil, nil, nil, nil, nil, nil, nil, nil, nil, nil, nil, nil, nil, nil, nil, nil, nil, nil, nil, nil, nil, nil, nil, nil, nil, nil, nil, nil, nil, nil, nil, nil, nil, nil, nil, nil, nil, nil, nil, nil, nil, nil, nil, nil, nil, nil, nil, nil, nil, nil, nil, nil, nil, nil, nil, nil, nil, nil, nil, nil, nil, nil, nil, nil, nil, nil, nil, nil, nil, nil, nil, nil, nil, nil, nil, nil, nil, nil, nil, nil, nil, nil, nil, nil, nil, nil, nil, nil, nil, nil, nil, nil, nil, nil, nil, nil, nil, nil, nil, nil, nil, nil, nil, nil, nil, nil, nil, nil, nil, nil, nil, nil, nil, nil, nil, nil, nil, nil, nil, nil, nil, nil, nil, nil, nil, nil, nil, nil, nil, nil, nil, nil, nil, nil, nil, nil, nil, nil, nil, nil, nil, nil, nil, nil, nil, nil, nil, nil, nil, nil, nil, nil, nil, nil, nil, nil, nil, nil, nil, nil, nil, nil, nil, nil, nil, nil, nil, nil, nil, nil, nil, nil, nil, nil, nil, nil, nil, nil, nil, nil, nil, nil, nil, nil, nil, nil, nil, nil, nil, nil, nil, nil, nil, nil, nil, nil, nil, nil, nil, nil, nil, nil, nil, nil, nil, nil, nil, nil, nil, nil, nil, nil, nil, nil, nil, nil, nil, nil, nil, nil, nil, nil, nil, nil, nil, nil, nil, nil, nil, nil, nil, nil, nil, nil, nil, nil, nil, nil, nil, nil, nil, nil, nil, nil, nil, nil, nil, nil, nil, nil, nil, nil, nil, nil, nil, nil, nil, nil, nil, nil, nil, nil, nil, nil, nil, nil, nil, nil, nil, nil, nil, nil, nil, nil, nil, nil, nil, nil, nil, nil, nil, nil, nil, nil, nil, nil, nil, nil, nil, nil, nil, nil, nil, nil, nil, nil, nil, nil, nil, nil, nil, nil, nil, nil, nil, nil, nil, nil, nil, nil, nil, nil, nil, nil, nil, nil, nil, nil, nil, nil, nil, nil, nil, nil, nil, nil, nil, nil, nil, nil, nil, nil, nil, nil, nil, nil, nil, nil, nil, nil, nil, nil, nil, nil, nil, nil, nil, nil, nil, nil, nil, nil, nil, nil, nil, nil, nil, nil, nil, nil, nil, nil, nil, nil, nil, nil, nil, nil, nil, nil, nil, nil, nil, nil, nil, nil, nil, nil, nil, nil, nil, nil, nil, nil, nil, nil, nil, nil, nil, nil, nil, nil, nil, nil, nil, nil, nil, nil, nil, nil, nil, nil, nil, nil, nil, nil, nil, nil, nil, nil, nil, nil, nil, nil, nil, nil, nil, nil, nil, nil, nil, nil, nil, nil, nil, nil, nil, nil, nil, nil, nil, nil, nil, nil, nil, nil, nil, nil, nil, nil, nil, nil, nil, nil, nil, nil, nil, nil, nil, nil, nil, nil, nil, nil, nil, nil, nil, nil, nil, nil, nil, nil, nil, nil, nil, nil, nil, nil, nil, nil, nil, nil, nil, nil, nil, nil, nil, nil, nil, nil, nil, nil, nil, nil, nil, nil, nil, nil, nil, nil, nil, nil, nil, nil, nil, nil, nil, nil, nil, nil, nil, nil, nil, nil, nil, nil, nil, nil, nil, nil, nil, nil, nil, nil, nil, nil, nil, nil, nil, nil, nil, nil, nil, nil, nil, nil, nil, nil, nil, nil, nil, nil, nil, nil, nil, nil, nil, nil, nil, nil, nil, nil, nil, nil, nil, nil, nil, nil, nil, nil, nil, nil, nil, nil, nil, nil, nil, nil, nil, nil, nil, nil, nil, nil, nil, nil, nil, nil, nil, nil, nil, nil, nil, nil, nil, nil, nil, nil, nil, nil, nil, nil, nil, nil, nil, nil, nil, nil, nil, nil, nil, nil, nil, nil, nil, nil, nil, nil, nil, nil, nil, nil, nil, nil, nil, nil, nil, nil, nil, nil, nil, nil, nil, nil, nil, nil, nil, nil, nil, nil, nil, nil, nil, nil, nil, nil, nil, nil, nil, nil, nil, nil, nil, nil, nil, nil, nil, nil, nil, nil, nil, nil, nil, nil, nil, nil, nil, nil, nil, nil, nil, nil, nil, nil, nil, nil, nil, nil, nil, nil, nil, nil, nil, nil, nil, nil, nil, nil, nil, nil, nil, nil, nil, nil, nil, nil, nil, nil, nil, nil, nil, nil, nil, nil, nil, nil, nil, nil, nil, nil, nil, nil, nil, nil, nil, nil, nil, nil, nil, nil, nil, nil, nil, nil, nil, nil, nil, nil, nil, nil, nil, nil, nil, nil, nil, nil, nil, nil, nil, nil, nil, nil, nil, nil, nil, nil, nil, nil, nil, nil, nil, nil, nil, nil, nil, nil, nil, nil, nil, nil, nil, nil, nil, nil, nil, nil, nil, nil, nil, nil, nil, nil, nil, nil, nil, nil, nil, nil }

State 2 file <built-in> line 9 thread 0
c::#ini#esbmc-cpp/deque/deque_rend/main.cpp at  line 
----------------------------------------------------
  __ESBMC_alloc={ nil, nil, 0, nil, nil, nil, nil, nil, nil, nil, nil, nil, nil, nil, nil, nil, nil, nil, nil, nil, nil, nil, nil, nil, nil, nil, nil, nil, nil, nil, nil, nil, nil, nil, nil, nil, nil, nil, nil, nil, nil, nil, nil, nil, nil, nil, nil, nil, nil, nil, nil, nil, nil, nil, nil, nil, nil, nil, nil, nil, nil, nil, nil, nil, nil, nil, nil, nil, nil, nil, nil, nil, nil, nil, nil, nil, nil, nil, nil, nil, nil, nil, nil, nil, nil, nil, nil, nil, nil, nil, nil, nil, nil, nil, nil, nil, nil, nil, nil, nil, nil, nil, nil, nil, nil, nil, nil, nil, nil, nil, nil, nil, nil, nil, nil, nil, nil, nil, nil, nil, nil, nil, nil, nil, nil, nil, nil, nil, nil, nil, nil, nil, nil, nil, nil, nil, nil, nil, nil, nil, nil, nil, nil, nil, nil, nil, nil, nil, nil, nil, nil, nil, nil, nil, nil, nil, nil, nil, nil, nil, nil, nil, nil, nil, nil, nil, nil, nil, nil, nil, nil, nil, nil, nil, nil, nil, nil, nil, nil, nil, nil, nil, nil, nil, nil, nil, nil, nil, nil, nil, nil, nil, nil, nil, nil, nil, nil, nil, nil, nil, nil, nil, nil, nil, nil, nil, nil, nil, nil, nil, nil, nil, nil, nil, nil, nil, nil, nil, nil, nil, nil, nil, nil, nil, nil, nil, nil, nil, nil, nil, nil, nil, nil, nil, nil, nil, nil, nil, nil, nil, nil, nil, nil, nil, nil, nil, nil, nil, nil, nil, nil, nil, nil, nil, nil, nil, nil, nil, nil, nil, nil, nil, nil, nil, nil, nil, nil, nil, nil, nil, nil, nil, nil, nil, nil, nil, nil, nil, nil, nil, nil, nil, nil, nil, nil, nil, nil, nil, nil, nil, nil, nil, nil, nil, nil, nil, nil, nil, nil, nil, nil, nil, nil, nil, nil, nil, nil, nil, nil, nil, nil, nil, nil, nil, nil, nil, nil, nil, nil, nil, nil, nil, nil, nil, nil, nil, nil, nil, nil, nil, nil, nil, nil, nil, nil, nil, nil, nil, nil, nil, nil, nil, nil, nil, nil, nil, nil, nil, nil, nil, nil, nil, nil, nil, nil, nil, nil, nil, nil, nil, nil, nil, nil, nil, nil, nil, nil, nil, nil, nil, nil, nil, nil, nil, nil, nil, nil, nil, nil, nil, nil, nil, nil, nil, nil, nil, nil, nil, nil, nil, nil, nil, nil, nil, nil, nil, nil, nil, nil, nil, nil, nil, nil, nil, nil, nil, nil, nil, nil, nil, nil, nil, nil, nil, nil, nil, nil, nil, nil, nil, nil, nil, nil, nil, nil, nil, nil, nil, nil, nil, nil, nil, nil, nil, nil, nil, nil, nil, nil, nil, nil, nil, nil, nil, nil, nil, nil, nil, nil, nil, nil, nil, nil, nil, nil, nil, nil, nil, nil, nil, nil, nil, nil, nil, nil, nil, nil, nil, nil, nil, nil, nil, nil, nil, nil, nil, nil, nil, nil, nil, nil, nil, nil, nil, nil, nil, nil, nil, nil, nil, nil, nil, nil, nil, nil, nil, nil, nil, nil, nil, nil, nil, nil, nil, nil, nil, nil, nil, nil, nil, nil, nil, nil, nil, nil, nil, nil, nil, nil, nil, nil, nil, nil, nil, nil, nil, nil, nil, nil, nil, nil, nil, nil, nil, nil, nil, nil, nil, nil, nil, nil, nil, nil, nil, nil, nil, nil, nil, nil, nil, nil, nil, nil, nil, nil, nil, nil, nil, nil, nil, nil, nil, nil, nil, nil, nil, nil, nil, nil, nil, nil, nil, nil, nil, nil, nil, nil, nil, nil, nil, nil, nil, nil, nil, nil, nil, nil, nil, nil, nil, nil, nil, nil, nil, nil, nil, nil, nil, nil, nil, nil, nil, nil, nil, nil, nil, nil, nil, nil, nil, nil, nil, nil, nil, nil, nil, nil, nil, nil, nil, nil, nil, nil, nil, nil, nil, nil, nil, nil, nil, nil, nil, nil, nil, nil, nil, nil, nil, nil, nil, nil, nil, nil, nil, nil, nil, nil, nil, nil, nil, nil, nil, nil, nil, nil, nil, nil, nil, nil, nil, nil, nil, nil, nil, nil, nil, nil, nil, nil, nil, nil, nil, nil, nil, nil, nil, nil, nil, nil, nil, nil, nil, nil, nil, nil, nil, nil, nil, nil, nil, nil, nil, nil, nil, nil, nil, nil, nil, nil, nil, nil, nil, nil, nil, nil, nil, nil, nil, nil, nil, nil, nil, nil, nil, nil, nil, nil, nil, nil, nil, nil, nil, nil, nil, nil, nil, nil, nil, nil, nil, nil, nil, nil, nil, nil, nil, nil, nil, nil, nil, nil, nil, nil, nil, nil, nil, nil, nil, nil, nil, nil, nil, nil, nil, nil, nil, nil, nil, nil, nil, nil, nil, nil, nil, nil, nil, nil, nil, nil, nil, nil, nil, nil, nil, nil, nil, nil, nil, nil, nil, nil, nil, nil, nil, nil, nil, nil, nil, nil, nil, nil, nil, nil, nil, nil, nil, nil, nil, nil, nil, nil, nil, nil, nil, nil, nil, nil, nil, nil, nil, nil, nil, nil, nil, nil, nil, nil, nil, nil, nil, nil, nil, nil, nil, nil, nil, nil, nil, nil, nil, nil, nil, nil, nil, nil, nil, nil, nil, nil, nil, nil, nil, nil, nil, nil, nil, nil, nil, nil, nil, nil, nil, nil, nil, nil, nil, nil, nil, nil, nil, nil, nil, nil, nil, nil, nil, nil, nil, nil, nil, nil, nil, nil, nil, nil, nil, nil, nil, nil, nil, nil, nil, nil, nil, nil, nil, nil, nil, nil, nil, nil, nil, nil, nil, nil, nil, nil, nil, nil, nil, nil, nil, nil, nil, nil, nil, nil, nil, nil, nil, nil, nil, nil, nil, nil, nil, nil, nil, nil, nil, nil, nil, nil, nil, nil, nil, nil, nil, nil, nil, nil, nil, nil, nil, nil, nil, nil, nil, nil, nil, nil, nil, nil, nil, nil, nil, nil, nil, nil, nil, nil, nil, nil, nil, nil, nil, nil, nil, nil, nil, nil, nil, nil, nil, nil, nil, nil, nil, nil, nil, nil, nil, nil, nil, nil, nil, nil, nil, nil, nil, nil, nil, nil, nil, nil, nil, nil, nil, nil, nil, nil, nil, nil, nil, nil, nil, nil, nil, nil, nil, nil, nil, nil, nil, nil, nil, nil, nil, nil, nil, nil, nil, nil, nil, nil, nil, nil, nil, nil, nil, nil, nil, nil, nil }

State 3 file /home/kunjian/library/deque line 306 thread 0
<main invocation>
----------------------------------------------------
  main::c::main::1::mydeque={ .cpp::std::<signed_int>deque::buf=nil, .cpp::std::<signed_int>deque::_size=0,
    .cpp::std::<signed_int>deque::_capacity=0 }

State 4 file /home/kunjian/library/deque line 306 thread 0
<main invocation>
----------------------------------------------------
  main::c::main::1::mydeque={ .cpp::std::<signed_int>deque::buf=nil, .cpp::std::<signed_int>deque::_size=0,
    .cpp::std::<signed_int>deque::_capacity=1 }

State 5 file /home/kunjian/library/deque line 308 thread 0
<main invocation>
----------------------------------------------------
  main::c::main::1::mydeque={ .cpp::std::<signed_int>deque::buf=nil, .cpp::std::<signed_int>deque::_size=0,
    .cpp::std::<signed_int>deque::_capacity=1 }

State 6 file /home/kunjian/library/deque line 309 thread 0
<main invocation>
----------------------------------------------------
  main::c::main::1::mydeque={ .cpp::std::<signed_int>deque::buf=nil, .cpp::std::<signed_int>deque::_size=0,
    .cpp::std::<signed_int>deque::_capacity=1 }

State 7 file /home/kunjian/library/deque line 310 thread 0
<main invocation>
----------------------------------------------------
  main::c::main::1::mydeque={ .cpp::std::<signed_int>deque::buf=nil, .cpp::std::<signed_int>deque::_size=0,
    .cpp::std::<signed_int>deque::_capacity=1 }

State 8 file /home/kunjian/library/deque line 311 thread 0
<main invocation>
----------------------------------------------------
  main::c::main::1::mydeque={ .cpp::std::<signed_int>deque::buf=nil, .cpp::std::<signed_int>deque::_size=0,
    .cpp::std::<signed_int>deque::_capacity=1 }

State 11 file /home/kunjian/library/deque line 554 thread 0
<main invocation>
----------------------------------------------------
  main::c::main::1::mydeque={ .cpp::std::<signed_int>deque::buf=nil, .cpp::std::<signed_int>deque::_size=1,
    .cpp::std::<signed_int>deque::_capacity=1 }

State 15 file /home/kunjian/library/deque line 555 thread 0
<main invocation>
----------------------------------------------------
  main::c::main::1::mydeque={ .cpp::std::<signed_int>deque::buf=nil, .cpp::std::<signed_int>deque::_size=1,
    .cpp::std::<signed_int>deque::_capacity=1 }

State 16 file /home/kunjian/library/deque line 567 thread 0
<main invocation>
----------------------------------------------------
  main::c::main::1::mydeque={ .cpp::std::<signed_int>deque::buf=nil, .cpp::std::<signed_int>deque::_size=1,
    .cpp::std::<signed_int>deque::_capacity=2 }

State 19 file /home/kunjian/library/deque line 554 thread 0
<main invocation>
----------------------------------------------------
  main::c::main::1::mydeque={ .cpp::std::<signed_int>deque::buf=nil, .cpp::std::<signed_int>deque::_size=2,
    .cpp::std::<signed_int>deque::_capacity=2 }

State 23 file /home/kunjian/library/deque line 555 thread 0
<main invocation>
----------------------------------------------------
  main::c::main::1::mydeque={ .cpp::std::<signed_int>deque::buf=nil, .cpp::std::<signed_int>deque::_size=2,
    .cpp::std::<signed_int>deque::_capacity=2 }

State 24 file /home/kunjian/library/deque line 567 thread 0
<main invocation>
----------------------------------------------------
  main::c::main::1::mydeque={ .cpp::std::<signed_int>deque::buf=nil, .cpp::std::<signed_int>deque::_size=2,
    .cpp::std::<signed_int>deque::_capacity=4 }

State 27 file /home/kunjian/library/deque line 554 thread 0
<main invocation>
----------------------------------------------------
  main::c::main::1::mydeque={ .cpp::std::<signed_int>deque::buf=nil, .cpp::std::<signed_int>deque::_size=3,
    .cpp::std::<signed_int>deque::_capacity=4 }

State 31 file /home/kunjian/library/deque line 555 thread 0
<main invocation>
----------------------------------------------------
  main::c::main::1::mydeque={ .cpp::std::<signed_int>deque::buf=nil, .cpp::std::<signed_int>deque::_size=3,
    .cpp::std::<signed_int>deque::_capacity=4 }

State 34 file /home/kunjian/library/deque line 554 thread 0
<main invocation>
----------------------------------------------------
  main::c::main::1::mydeque={ .cpp::std::<signed_int>deque::buf=nil, .cpp::std::<signed_int>deque::_size=4,
    .cpp::std::<signed_int>deque::_capacity=4 }

State 38 file /home/kunjian/library/deque line 555 thread 0
<main invocation>
----------------------------------------------------
  main::c::main::1::mydeque={ .cpp::std::<signed_int>deque::buf=nil, .cpp::std::<signed_int>deque::_size=4,
    .cpp::std::<signed_int>deque::_capacity=4 }

State 39 file /home/kunjian/library/deque line 567 thread 0
<main invocation>
----------------------------------------------------
  main::c::main::1::mydeque={ .cpp::std::<signed_int>deque::buf=nil, .cpp::std::<signed_int>deque::_size=4,
    .cpp::std::<signed_int>deque::_capacity=8 }

State 42 file /home/kunjian/library/deque line 554 thread 0
<main invocation>
----------------------------------------------------
  main::c::main::1::mydeque={ .cpp::std::<signed_int>deque::buf=nil, .cpp::std::<signed_int>deque::_size=5,
    .cpp::std::<signed_int>deque::_capacity=8 }

State 46 file /home/kunjian/library/deque line 555 thread 0
<main invocation>
----------------------------------------------------
  main::c::main::1::mydeque={ .cpp::std::<signed_int>deque::buf=nil, .cpp::std::<signed_int>deque::_size=5,
    .cpp::std::<signed_int>deque::_capacity=8 }

State 47 file /home/kunjian/library/deque line 432 thread 0
<main invocation>
----------------------------------------------------
  std::<signed_int>deque::rbegin(this)::cpp::std::<signed_int>deque::rbegin(this)::1::buffer={ .cpp::std::<signed_int>deque::reverse_iterator::pointer=&mydeque@1!0.cpp::std::<signed_int>deque::buf[4],
    .cpp::std::<signed_int>deque::reverse_iterator::pos=0,
    .cpp::std::<signed_int>deque::reverse_iterator::vec_pos={ .pointer_object=nil, .pointer_offset=nil } }

State 48 file /home/kunjian/library/deque line 433 thread 0
<main invocation>
----------------------------------------------------
  std::<signed_int>deque::rbegin(this)::cpp::std::<signed_int>deque::rbegin(this)::1::buffer={ .cpp::std::<signed_int>deque::reverse_iterator::pointer=&mydeque@1!0.cpp::std::<signed_int>deque::buf[4],
    .cpp::std::<signed_int>deque::reverse_iterator::pos=5,
    .cpp::std::<signed_int>deque::reverse_iterator::vec_pos={ .pointer_object=nil, .pointer_offset=nil } }

State 49 file /home/kunjian/library/deque line 434 thread 0
<main invocation>
----------------------------------------------------
  std::<signed_int>deque::rbegin(this)::cpp::std::<signed_int>deque::rbegin(this)::1::buffer={ .cpp::std::<signed_int>deque::reverse_iterator::pointer=&mydeque@1!0.cpp::std::<signed_int>deque::buf[4],
    .cpp::std::<signed_int>deque::reverse_iterator::pos=5,
    .cpp::std::<signed_int>deque::reverse_iterator::vec_pos=&mydeque@1!0 }

State 50 file /home/kunjian/library/deque line 435 thread 0
<main invocation>
----------------------------------------------------
  c::main::$tmp::return_value_rbegin$3={ .cpp::std::<signed_int>deque::reverse_iterator::pointer=&mydeque@1!0.cpp::std::<signed_int>deque::buf[4],
    .cpp::std::<signed_int>deque::reverse_iterator::pos=5,
    .cpp::std::<signed_int>deque::reverse_iterator::vec_pos=&mydeque@1!0 }

State 51 file /home/kunjian/library/deque line 214 thread 0
<main invocation>
----------------------------------------------------
  c::main::$tmp::tmp$2={ .cpp::std::<signed_int>deque::reverse_iterator::pointer=&mydeque@1!0.cpp::std::<signed_int>deque::buf[4],
    .cpp::std::<signed_int>deque::reverse_iterator::pos=0,
    .cpp::std::<signed_int>deque::reverse_iterator::vec_pos={ .pointer_object=nil, .pointer_offset=nil } }

State 52 file /home/kunjian/library/deque line 215 thread 0
<main invocation>
----------------------------------------------------
  c::main::$tmp::tmp$2={ .cpp::std::<signed_int>deque::reverse_iterator::pointer=&mydeque@1!0.cpp::std::<signed_int>deque::buf[4],
    .cpp::std::<signed_int>deque::reverse_iterator::pos=5,
    .cpp::std::<signed_int>deque::reverse_iterator::vec_pos={ .pointer_object=nil, .pointer_offset=nil } }

State 53 file /home/kunjian/library/deque line 216 thread 0
<main invocation>
----------------------------------------------------
  c::main::$tmp::tmp$2={ .cpp::std::<signed_int>deque::reverse_iterator::pointer=&mydeque@1!0.cpp::std::<signed_int>deque::buf[4],
    .cpp::std::<signed_int>deque::reverse_iterator::pos=5,
    .cpp::std::<signed_int>deque::reverse_iterator::vec_pos=&mydeque@1!0 }

State 54 file /home/kunjian/library/deque line 222 thread 0
<main invocation>
----------------------------------------------------
  main::c::main::1::rit={ .cpp::std::<signed_int>deque::reverse_iterator::pointer=&mydeque@1!0.cpp::std::<signed_int>deque::buf[4],
    .cpp::std::<signed_int>deque::reverse_iterator::pos=0,
    .cpp::std::<signed_int>deque::reverse_iterator::vec_pos={ .pointer_object=nil, .pointer_offset=nil } }

State 55 file /home/kunjian/library/deque line 223 thread 0
<main invocation>
----------------------------------------------------
  main::c::main::1::rit={ .cpp::std::<signed_int>deque::reverse_iterator::pointer=&mydeque@1!0.cpp::std::<signed_int>deque::buf[4],
    .cpp::std::<signed_int>deque::reverse_iterator::pos=5,
    .cpp::std::<signed_int>deque::reverse_iterator::vec_pos={ .pointer_object=nil, .pointer_offset=nil } }

State 56 file /home/kunjian/library/deque line 224 thread 0
<main invocation>
----------------------------------------------------
  main::c::main::1::rit={ .cpp::std::<signed_int>deque::reverse_iterator::pointer=&mydeque@1!0.cpp::std::<signed_int>deque::buf[4],
    .cpp::std::<signed_int>deque::reverse_iterator::pos=5,
    .cpp::std::<signed_int>deque::reverse_iterator::vec_pos=&mydeque@1!0 }

State 89 file esbmc-cpp/deque/deque_rend/main.cpp line 23 thread 0
<main invocation>
----------------------------------------------------
Violated property:
  file esbmc-cpp/deque/deque_rend/main.cpp line 23
  assertion
  return_value_operator==$14

VERIFICATION FAILED
No solver specified; defaulting to Boolector
**** WARNING: no body for function cpp::std::<signed_int>deque::reverse_iterator::operator<(const$this,ref_symbol(identifier=cpp::std::<signed_int>deque::tag.reverse_iterator,#constant=1_1))
**** WARNING: no body for function cpp::std::<signed_int>deque::reverse_iterator::operator++(this)
**** WARNING: no body for function cpp::std::<signed_int>deque::reverse_iterator::operator==(const$this,ref_symbol(identifier=cpp::std::<signed_int>deque::tag.reverse_iterator,#constant=1_1))
No solver specified; defaulting to Boolector
Fetching array elements inside tuples currently unimplemented, sorry
Fetching array elements inside tuples currently unimplemented, sorry
Fetching array elements inside tuples currently unimplemented, sorry
Fetching array elements inside tuples currently unimplemented, sorry
Fetching array elements inside tuples currently unimplemented, sorry
Fetching array elements inside tuples currently unimplemented, sorry
Fetching array elements inside tuples currently unimplemented, sorry
Fetching array elements inside tuples currently unimplemented, sorry
Fetching array elements inside tuples currently unimplemented, sorry
Fetching array elements inside tuples currently unimplemented, sorry
Fetching array elements inside tuples currently unimplemented, sorry
Fetching array elements inside tuples currently unimplemented, sorry
Fetching array elements inside tuples currently unimplemented, sorry
Fetching array elements inside tuples currently unimplemented, sorry
Fetching array elements inside tuples currently unimplemented, sorry
Fetching array elements inside tuples currently unimplemented, sorry
Fetching array elements inside tuples currently unimplemented, sorry
Fetching array elements inside tuples currently unimplemented, sorry
Fetching array elements inside tuples currently unimplemented, sorry


ARGUMENTS: ['esbmc_binary/old_v21/esbmc', 'esbmc-cpp/deque/deque_rend/main.cpp', '--unwind', '10', '--no-unwinding-assertions', '--memlimit', '14000000', '--timeout', '900', '-I', '/home/kunjian/library']

----------------------------------------------------------------------
Ran 43 tests in 980.630s

FAILED (failures=2)
Found 43 test cases
22.395
23.462
20.854
22.147
21.049
21.151
21.355
21.283
21.006
21.046
28.677
28.885
21.052
26.394
23.144
23.776
22.426
30.101
21.926
23.496
31.599
30.301
22.197
22.009
20.557
21.003
20.149
20.142
19.861
23.191
24.354
20.587
20.171
20.600
20.570
19.978
20.631
21.916
22.874
22.549
22.690
23.422
23.638
